{"/home/usuario/prct06-clases-e-interfaces-genericas/src/ejercicio-1/class_combat.ts":{"path":"/home/usuario/prct06-clases-e-interfaces-genericas/src/ejercicio-1/class_combat.ts","statementMap":{"0":{"start":{"line":2,"column":0},"end":{"line":2,"column":62}},"1":{"start":{"line":3,"column":0},"end":{"line":3,"column":24}},"2":{"start":{"line":4,"column":22},"end":{"line":4,"column":46}},"3":{"start":{"line":5,"column":30},"end":{"line":5,"column":62}},"4":{"start":{"line":6,"column":26},"end":{"line":6,"column":54}},"5":{"start":{"line":7,"column":27},"end":{"line":7,"column":56}},"6":{"start":{"line":8,"column":28},"end":{"line":8,"column":58}},"7":{"start":{"line":18,"column":8},"end":{"line":18,"column":33}},"8":{"start":{"line":19,"column":8},"end":{"line":19,"column":33}},"9":{"start":{"line":26,"column":8},"end":{"line":26,"column":48}},"10":{"start":{"line":27,"column":8},"end":{"line":27,"column":101}},"11":{"start":{"line":28,"column":21},"end":{"line":28,"column":33}},"12":{"start":{"line":29,"column":8},"end":{"line":32,"column":9}},"13":{"start":{"line":30,"column":12},"end":{"line":30,"column":93}},"14":{"start":{"line":31,"column":12},"end":{"line":31,"column":43}},"15":{"start":{"line":33,"column":8},"end":{"line":36,"column":9}},"16":{"start":{"line":34,"column":12},"end":{"line":34,"column":93}},"17":{"start":{"line":35,"column":12},"end":{"line":35,"column":43}},"18":{"start":{"line":43,"column":21},"end":{"line":43,"column":45}},"19":{"start":{"line":44,"column":21},"end":{"line":44,"column":45}},"20":{"start":{"line":45,"column":23},"end":{"line":45,"column":38}},"21":{"start":{"line":46,"column":8},"end":{"line":68,"column":9}},"22":{"start":{"line":47,"column":12},"end":{"line":66,"column":13}},"23":{"start":{"line":48,"column":16},"end":{"line":48,"column":76}},"24":{"start":{"line":49,"column":16},"end":{"line":49,"column":94}},"25":{"start":{"line":50,"column":16},"end":{"line":51,"column":29}},"26":{"start":{"line":51,"column":20},"end":{"line":51,"column":29}},"27":{"start":{"line":52,"column":16},"end":{"line":52,"column":76}},"28":{"start":{"line":53,"column":16},"end":{"line":53,"column":94}},"29":{"start":{"line":54,"column":16},"end":{"line":55,"column":29}},"30":{"start":{"line":55,"column":20},"end":{"line":55,"column":29}},"31":{"start":{"line":58,"column":16},"end":{"line":58,"column":76}},"32":{"start":{"line":59,"column":16},"end":{"line":59,"column":94}},"33":{"start":{"line":60,"column":16},"end":{"line":61,"column":29}},"34":{"start":{"line":61,"column":20},"end":{"line":61,"column":29}},"35":{"start":{"line":62,"column":16},"end":{"line":62,"column":76}},"36":{"start":{"line":63,"column":16},"end":{"line":63,"column":94}},"37":{"start":{"line":64,"column":16},"end":{"line":65,"column":29}},"38":{"start":{"line":65,"column":20},"end":{"line":65,"column":29}},"39":{"start":{"line":67,"column":12},"end":{"line":67,"column":28}},"40":{"start":{"line":75,"column":8},"end":{"line":78,"column":21}},"41":{"start":{"line":76,"column":12},"end":{"line":76,"column":21}},"42":{"start":{"line":78,"column":12},"end":{"line":78,"column":21}},"43":{"start":{"line":87,"column":21},"end":{"line":87,"column":22}},"44":{"start":{"line":88,"column":8},"end":{"line":99,"column":9}},"45":{"start":{"line":89,"column":12},"end":{"line":90,"column":68}},"46":{"start":{"line":90,"column":16},"end":{"line":90,"column":68}},"47":{"start":{"line":91,"column":12},"end":{"line":92,"column":64}},"48":{"start":{"line":92,"column":16},"end":{"line":92,"column":64}},"49":{"start":{"line":93,"column":12},"end":{"line":94,"column":64}},"50":{"start":{"line":94,"column":16},"end":{"line":94,"column":64}},"51":{"start":{"line":95,"column":12},"end":{"line":96,"column":64}},"52":{"start":{"line":96,"column":16},"end":{"line":96,"column":64}},"53":{"start":{"line":97,"column":12},"end":{"line":98,"column":64}},"54":{"start":{"line":98,"column":16},"end":{"line":98,"column":64}},"55":{"start":{"line":100,"column":8},"end":{"line":111,"column":9}},"56":{"start":{"line":101,"column":12},"end":{"line":102,"column":65}},"57":{"start":{"line":102,"column":16},"end":{"line":102,"column":65}},"58":{"start":{"line":103,"column":12},"end":{"line":104,"column":65}},"59":{"start":{"line":104,"column":16},"end":{"line":104,"column":65}},"60":{"start":{"line":105,"column":12},"end":{"line":106,"column":65}},"61":{"start":{"line":106,"column":16},"end":{"line":106,"column":65}},"62":{"start":{"line":107,"column":12},"end":{"line":108,"column":64}},"63":{"start":{"line":108,"column":16},"end":{"line":108,"column":64}},"64":{"start":{"line":109,"column":12},"end":{"line":110,"column":68}},"65":{"start":{"line":110,"column":16},"end":{"line":110,"column":68}},"66":{"start":{"line":112,"column":8},"end":{"line":123,"column":9}},"67":{"start":{"line":113,"column":12},"end":{"line":114,"column":65}},"68":{"start":{"line":114,"column":16},"end":{"line":114,"column":65}},"69":{"start":{"line":115,"column":12},"end":{"line":116,"column":68}},"70":{"start":{"line":116,"column":16},"end":{"line":116,"column":68}},"71":{"start":{"line":117,"column":12},"end":{"line":118,"column":68}},"72":{"start":{"line":118,"column":16},"end":{"line":118,"column":68}},"73":{"start":{"line":119,"column":12},"end":{"line":120,"column":68}},"74":{"start":{"line":120,"column":16},"end":{"line":120,"column":68}},"75":{"start":{"line":121,"column":12},"end":{"line":122,"column":65}},"76":{"start":{"line":122,"column":16},"end":{"line":122,"column":65}},"77":{"start":{"line":124,"column":8},"end":{"line":135,"column":9}},"78":{"start":{"line":125,"column":12},"end":{"line":126,"column":65}},"79":{"start":{"line":126,"column":16},"end":{"line":126,"column":65}},"80":{"start":{"line":127,"column":12},"end":{"line":128,"column":68}},"81":{"start":{"line":128,"column":16},"end":{"line":128,"column":68}},"82":{"start":{"line":129,"column":12},"end":{"line":130,"column":68}},"83":{"start":{"line":130,"column":16},"end":{"line":130,"column":68}},"84":{"start":{"line":131,"column":12},"end":{"line":132,"column":68}},"85":{"start":{"line":132,"column":16},"end":{"line":132,"column":68}},"86":{"start":{"line":133,"column":12},"end":{"line":134,"column":64}},"87":{"start":{"line":134,"column":16},"end":{"line":134,"column":64}},"88":{"start":{"line":136,"column":8},"end":{"line":147,"column":9}},"89":{"start":{"line":137,"column":12},"end":{"line":138,"column":65}},"90":{"start":{"line":138,"column":16},"end":{"line":138,"column":65}},"91":{"start":{"line":139,"column":12},"end":{"line":140,"column":68}},"92":{"start":{"line":140,"column":16},"end":{"line":140,"column":68}},"93":{"start":{"line":141,"column":12},"end":{"line":142,"column":68}},"94":{"start":{"line":142,"column":16},"end":{"line":142,"column":68}},"95":{"start":{"line":143,"column":12},"end":{"line":144,"column":68}},"96":{"start":{"line":144,"column":16},"end":{"line":144,"column":68}},"97":{"start":{"line":145,"column":12},"end":{"line":146,"column":64}},"98":{"start":{"line":146,"column":16},"end":{"line":146,"column":64}},"99":{"start":{"line":148,"column":8},"end":{"line":148,"column":128}},"100":{"start":{"line":149,"column":8},"end":{"line":149,"column":34}},"101":{"start":{"line":158,"column":8},"end":{"line":159,"column":21}},"102":{"start":{"line":159,"column":12},"end":{"line":159,"column":21}},"103":{"start":{"line":160,"column":8},"end":{"line":161,"column":51}},"104":{"start":{"line":161,"column":12},"end":{"line":161,"column":51}},"105":{"start":{"line":162,"column":8},"end":{"line":162,"column":73}},"106":{"start":{"line":171,"column":8},"end":{"line":172,"column":21}},"107":{"start":{"line":172,"column":12},"end":{"line":172,"column":21}},"108":{"start":{"line":173,"column":8},"end":{"line":174,"column":45}},"109":{"start":{"line":174,"column":12},"end":{"line":174,"column":45}},"110":{"start":{"line":175,"column":8},"end":{"line":175,"column":67}},"111":{"start":{"line":184,"column":8},"end":{"line":185,"column":21}},"112":{"start":{"line":185,"column":12},"end":{"line":185,"column":21}},"113":{"start":{"line":186,"column":8},"end":{"line":187,"column":49}},"114":{"start":{"line":187,"column":12},"end":{"line":187,"column":49}},"115":{"start":{"line":188,"column":8},"end":{"line":188,"column":71}},"116":{"start":{"line":191,"column":0},"end":{"line":191,"column":24}}},"fnMap":{"0":{"name":"(anonymous_0)","decl":{"start":{"line":17,"column":4},"end":{"line":17,"column":5}},"loc":{"start":{"line":17,"column":36},"end":{"line":20,"column":5}},"line":17},"1":{"name":"(anonymous_1)","decl":{"start":{"line":25,"column":4},"end":{"line":25,"column":5}},"loc":{"start":{"line":25,"column":12},"end":{"line":37,"column":5}},"line":25},"2":{"name":"(anonymous_2)","decl":{"start":{"line":42,"column":4},"end":{"line":42,"column":5}},"loc":{"start":{"line":42,"column":12},"end":{"line":69,"column":5}},"line":42},"3":{"name":"(anonymous_3)","decl":{"start":{"line":74,"column":4},"end":{"line":74,"column":5}},"loc":{"start":{"line":74,"column":15},"end":{"line":79,"column":5}},"line":74},"4":{"name":"(anonymous_4)","decl":{"start":{"line":86,"column":4},"end":{"line":86,"column":5}},"loc":{"start":{"line":86,"column":31},"end":{"line":150,"column":5}},"line":86},"5":{"name":"(anonymous_5)","decl":{"start":{"line":157,"column":4},"end":{"line":157,"column":5}},"loc":{"start":{"line":157,"column":38},"end":{"line":163,"column":5}},"line":157},"6":{"name":"(anonymous_6)","decl":{"start":{"line":170,"column":4},"end":{"line":170,"column":5}},"loc":{"start":{"line":170,"column":42},"end":{"line":176,"column":5}},"line":170},"7":{"name":"(anonymous_7)","decl":{"start":{"line":183,"column":4},"end":{"line":183,"column":5}},"loc":{"start":{"line":183,"column":39},"end":{"line":189,"column":5}},"line":183}},"branchMap":{"0":{"loc":{"start":{"line":29,"column":8},"end":{"line":32,"column":9}},"type":"if","locations":[{"start":{"line":29,"column":8},"end":{"line":32,"column":9}},{"start":{"line":29,"column":8},"end":{"line":32,"column":9}}],"line":29},"1":{"loc":{"start":{"line":33,"column":8},"end":{"line":36,"column":9}},"type":"if","locations":[{"start":{"line":33,"column":8},"end":{"line":36,"column":9}},{"start":{"line":33,"column":8},"end":{"line":36,"column":9}}],"line":33},"2":{"loc":{"start":{"line":47,"column":12},"end":{"line":66,"column":13}},"type":"if","locations":[{"start":{"line":47,"column":12},"end":{"line":66,"column":13}},{"start":{"line":47,"column":12},"end":{"line":66,"column":13}}],"line":47},"3":{"loc":{"start":{"line":50,"column":16},"end":{"line":51,"column":29}},"type":"if","locations":[{"start":{"line":50,"column":16},"end":{"line":51,"column":29}},{"start":{"line":50,"column":16},"end":{"line":51,"column":29}}],"line":50},"4":{"loc":{"start":{"line":54,"column":16},"end":{"line":55,"column":29}},"type":"if","locations":[{"start":{"line":54,"column":16},"end":{"line":55,"column":29}},{"start":{"line":54,"column":16},"end":{"line":55,"column":29}}],"line":54},"5":{"loc":{"start":{"line":60,"column":16},"end":{"line":61,"column":29}},"type":"if","locations":[{"start":{"line":60,"column":16},"end":{"line":61,"column":29}},{"start":{"line":60,"column":16},"end":{"line":61,"column":29}}],"line":60},"6":{"loc":{"start":{"line":64,"column":16},"end":{"line":65,"column":29}},"type":"if","locations":[{"start":{"line":64,"column":16},"end":{"line":65,"column":29}},{"start":{"line":64,"column":16},"end":{"line":65,"column":29}}],"line":64},"7":{"loc":{"start":{"line":75,"column":8},"end":{"line":78,"column":21}},"type":"if","locations":[{"start":{"line":75,"column":8},"end":{"line":78,"column":21}},{"start":{"line":75,"column":8},"end":{"line":78,"column":21}}],"line":75},"8":{"loc":{"start":{"line":88,"column":8},"end":{"line":99,"column":9}},"type":"if","locations":[{"start":{"line":88,"column":8},"end":{"line":99,"column":9}},{"start":{"line":88,"column":8},"end":{"line":99,"column":9}}],"line":88},"9":{"loc":{"start":{"line":89,"column":12},"end":{"line":90,"column":68}},"type":"if","locations":[{"start":{"line":89,"column":12},"end":{"line":90,"column":68}},{"start":{"line":89,"column":12},"end":{"line":90,"column":68}}],"line":89},"10":{"loc":{"start":{"line":91,"column":12},"end":{"line":92,"column":64}},"type":"if","locations":[{"start":{"line":91,"column":12},"end":{"line":92,"column":64}},{"start":{"line":91,"column":12},"end":{"line":92,"column":64}}],"line":91},"11":{"loc":{"start":{"line":93,"column":12},"end":{"line":94,"column":64}},"type":"if","locations":[{"start":{"line":93,"column":12},"end":{"line":94,"column":64}},{"start":{"line":93,"column":12},"end":{"line":94,"column":64}}],"line":93},"12":{"loc":{"start":{"line":95,"column":12},"end":{"line":96,"column":64}},"type":"if","locations":[{"start":{"line":95,"column":12},"end":{"line":96,"column":64}},{"start":{"line":95,"column":12},"end":{"line":96,"column":64}}],"line":95},"13":{"loc":{"start":{"line":97,"column":12},"end":{"line":98,"column":64}},"type":"if","locations":[{"start":{"line":97,"column":12},"end":{"line":98,"column":64}},{"start":{"line":97,"column":12},"end":{"line":98,"column":64}}],"line":97},"14":{"loc":{"start":{"line":100,"column":8},"end":{"line":111,"column":9}},"type":"if","locations":[{"start":{"line":100,"column":8},"end":{"line":111,"column":9}},{"start":{"line":100,"column":8},"end":{"line":111,"column":9}}],"line":100},"15":{"loc":{"start":{"line":101,"column":12},"end":{"line":102,"column":65}},"type":"if","locations":[{"start":{"line":101,"column":12},"end":{"line":102,"column":65}},{"start":{"line":101,"column":12},"end":{"line":102,"column":65}}],"line":101},"16":{"loc":{"start":{"line":103,"column":12},"end":{"line":104,"column":65}},"type":"if","locations":[{"start":{"line":103,"column":12},"end":{"line":104,"column":65}},{"start":{"line":103,"column":12},"end":{"line":104,"column":65}}],"line":103},"17":{"loc":{"start":{"line":105,"column":12},"end":{"line":106,"column":65}},"type":"if","locations":[{"start":{"line":105,"column":12},"end":{"line":106,"column":65}},{"start":{"line":105,"column":12},"end":{"line":106,"column":65}}],"line":105},"18":{"loc":{"start":{"line":107,"column":12},"end":{"line":108,"column":64}},"type":"if","locations":[{"start":{"line":107,"column":12},"end":{"line":108,"column":64}},{"start":{"line":107,"column":12},"end":{"line":108,"column":64}}],"line":107},"19":{"loc":{"start":{"line":109,"column":12},"end":{"line":110,"column":68}},"type":"if","locations":[{"start":{"line":109,"column":12},"end":{"line":110,"column":68}},{"start":{"line":109,"column":12},"end":{"line":110,"column":68}}],"line":109},"20":{"loc":{"start":{"line":112,"column":8},"end":{"line":123,"column":9}},"type":"if","locations":[{"start":{"line":112,"column":8},"end":{"line":123,"column":9}},{"start":{"line":112,"column":8},"end":{"line":123,"column":9}}],"line":112},"21":{"loc":{"start":{"line":113,"column":12},"end":{"line":114,"column":65}},"type":"if","locations":[{"start":{"line":113,"column":12},"end":{"line":114,"column":65}},{"start":{"line":113,"column":12},"end":{"line":114,"column":65}}],"line":113},"22":{"loc":{"start":{"line":115,"column":12},"end":{"line":116,"column":68}},"type":"if","locations":[{"start":{"line":115,"column":12},"end":{"line":116,"column":68}},{"start":{"line":115,"column":12},"end":{"line":116,"column":68}}],"line":115},"23":{"loc":{"start":{"line":117,"column":12},"end":{"line":118,"column":68}},"type":"if","locations":[{"start":{"line":117,"column":12},"end":{"line":118,"column":68}},{"start":{"line":117,"column":12},"end":{"line":118,"column":68}}],"line":117},"24":{"loc":{"start":{"line":119,"column":12},"end":{"line":120,"column":68}},"type":"if","locations":[{"start":{"line":119,"column":12},"end":{"line":120,"column":68}},{"start":{"line":119,"column":12},"end":{"line":120,"column":68}}],"line":119},"25":{"loc":{"start":{"line":121,"column":12},"end":{"line":122,"column":65}},"type":"if","locations":[{"start":{"line":121,"column":12},"end":{"line":122,"column":65}},{"start":{"line":121,"column":12},"end":{"line":122,"column":65}}],"line":121},"26":{"loc":{"start":{"line":124,"column":8},"end":{"line":135,"column":9}},"type":"if","locations":[{"start":{"line":124,"column":8},"end":{"line":135,"column":9}},{"start":{"line":124,"column":8},"end":{"line":135,"column":9}}],"line":124},"27":{"loc":{"start":{"line":125,"column":12},"end":{"line":126,"column":65}},"type":"if","locations":[{"start":{"line":125,"column":12},"end":{"line":126,"column":65}},{"start":{"line":125,"column":12},"end":{"line":126,"column":65}}],"line":125},"28":{"loc":{"start":{"line":127,"column":12},"end":{"line":128,"column":68}},"type":"if","locations":[{"start":{"line":127,"column":12},"end":{"line":128,"column":68}},{"start":{"line":127,"column":12},"end":{"line":128,"column":68}}],"line":127},"29":{"loc":{"start":{"line":129,"column":12},"end":{"line":130,"column":68}},"type":"if","locations":[{"start":{"line":129,"column":12},"end":{"line":130,"column":68}},{"start":{"line":129,"column":12},"end":{"line":130,"column":68}}],"line":129},"30":{"loc":{"start":{"line":131,"column":12},"end":{"line":132,"column":68}},"type":"if","locations":[{"start":{"line":131,"column":12},"end":{"line":132,"column":68}},{"start":{"line":131,"column":12},"end":{"line":132,"column":68}}],"line":131},"31":{"loc":{"start":{"line":133,"column":12},"end":{"line":134,"column":64}},"type":"if","locations":[{"start":{"line":133,"column":12},"end":{"line":134,"column":64}},{"start":{"line":133,"column":12},"end":{"line":134,"column":64}}],"line":133},"32":{"loc":{"start":{"line":136,"column":8},"end":{"line":147,"column":9}},"type":"if","locations":[{"start":{"line":136,"column":8},"end":{"line":147,"column":9}},{"start":{"line":136,"column":8},"end":{"line":147,"column":9}}],"line":136},"33":{"loc":{"start":{"line":137,"column":12},"end":{"line":138,"column":65}},"type":"if","locations":[{"start":{"line":137,"column":12},"end":{"line":138,"column":65}},{"start":{"line":137,"column":12},"end":{"line":138,"column":65}}],"line":137},"34":{"loc":{"start":{"line":139,"column":12},"end":{"line":140,"column":68}},"type":"if","locations":[{"start":{"line":139,"column":12},"end":{"line":140,"column":68}},{"start":{"line":139,"column":12},"end":{"line":140,"column":68}}],"line":139},"35":{"loc":{"start":{"line":141,"column":12},"end":{"line":142,"column":68}},"type":"if","locations":[{"start":{"line":141,"column":12},"end":{"line":142,"column":68}},{"start":{"line":141,"column":12},"end":{"line":142,"column":68}}],"line":141},"36":{"loc":{"start":{"line":143,"column":12},"end":{"line":144,"column":68}},"type":"if","locations":[{"start":{"line":143,"column":12},"end":{"line":144,"column":68}},{"start":{"line":143,"column":12},"end":{"line":144,"column":68}}],"line":143},"37":{"loc":{"start":{"line":145,"column":12},"end":{"line":146,"column":64}},"type":"if","locations":[{"start":{"line":145,"column":12},"end":{"line":146,"column":64}},{"start":{"line":145,"column":12},"end":{"line":146,"column":64}}],"line":145},"38":{"loc":{"start":{"line":158,"column":8},"end":{"line":159,"column":21}},"type":"if","locations":[{"start":{"line":158,"column":8},"end":{"line":159,"column":21}},{"start":{"line":158,"column":8},"end":{"line":159,"column":21}}],"line":158},"39":{"loc":{"start":{"line":160,"column":8},"end":{"line":161,"column":51}},"type":"if","locations":[{"start":{"line":160,"column":8},"end":{"line":161,"column":51}},{"start":{"line":160,"column":8},"end":{"line":161,"column":51}}],"line":160},"40":{"loc":{"start":{"line":171,"column":8},"end":{"line":172,"column":21}},"type":"if","locations":[{"start":{"line":171,"column":8},"end":{"line":172,"column":21}},{"start":{"line":171,"column":8},"end":{"line":172,"column":21}}],"line":171},"41":{"loc":{"start":{"line":173,"column":8},"end":{"line":174,"column":45}},"type":"if","locations":[{"start":{"line":173,"column":8},"end":{"line":174,"column":45}},{"start":{"line":173,"column":8},"end":{"line":174,"column":45}}],"line":173},"42":{"loc":{"start":{"line":184,"column":8},"end":{"line":185,"column":21}},"type":"if","locations":[{"start":{"line":184,"column":8},"end":{"line":185,"column":21}},{"start":{"line":184,"column":8},"end":{"line":185,"column":21}}],"line":184},"43":{"loc":{"start":{"line":186,"column":8},"end":{"line":187,"column":49}},"type":"if","locations":[{"start":{"line":186,"column":8},"end":{"line":187,"column":49}},{"start":{"line":186,"column":8},"end":{"line":187,"column":49}}],"line":186}},"s":{"0":1,"1":1,"2":1,"3":1,"4":1,"5":1,"6":1,"7":16,"8":16,"9":8,"10":8,"11":8,"12":8,"13":4,"14":4,"15":4,"16":4,"17":4,"18":9,"19":9,"20":9,"21":9,"22":71,"23":41,"24":41,"25":41,"26":3,"27":38,"28":38,"29":38,"30":4,"31":30,"32":30,"33":30,"34":0,"35":30,"36":30,"37":30,"38":2,"39":62,"40":11,"41":8,"42":3,"43":140,"44":140,"45":24,"46":20,"47":24,"48":0,"49":24,"50":0,"51":24,"52":4,"53":24,"54":0,"55":140,"56":3,"57":0,"58":3,"59":0,"60":3,"61":3,"62":3,"63":0,"64":3,"65":0,"66":140,"67":43,"68":5,"69":43,"70":18,"71":43,"72":20,"73":43,"74":0,"75":43,"76":0,"77":140,"78":43,"79":0,"80":43,"81":18,"82":43,"83":7,"84":43,"85":18,"86":43,"87":0,"88":140,"89":27,"90":0,"91":27,"92":4,"93":27,"94":0,"95":27,"96":20,"97":27,"98":3,"99":140,"100":140,"101":10,"102":1,"103":9,"104":1,"105":8,"106":128,"107":1,"108":127,"109":1,"110":126,"111":11,"112":1,"113":10,"114":1,"115":9,"116":1},"f":{"0":16,"1":8,"2":9,"3":11,"4":140,"5":10,"6":128,"7":11},"b":{"0":[4,4],"1":[4,0],"2":[41,30],"3":[3,38],"4":[4,34],"5":[0,30],"6":[2,28],"7":[8,3],"8":[24,116],"9":[20,4],"10":[0,24],"11":[0,24],"12":[4,20],"13":[0,24],"14":[3,137],"15":[0,3],"16":[0,3],"17":[3,0],"18":[0,3],"19":[0,3],"20":[43,97],"21":[5,38],"22":[18,25],"23":[20,23],"24":[0,43],"25":[0,43],"26":[43,97],"27":[0,43],"28":[18,25],"29":[7,36],"30":[18,25],"31":[0,43],"32":[27,113],"33":[0,27],"34":[4,23],"35":[0,27],"36":[20,7],"37":[3,24],"38":[1,9],"39":[1,8],"40":[1,127],"41":[1,126],"42":[1,10],"43":[1,9]},"inputSourceMap":{"version":3,"file":"/home/usuario/prct06-clases-e-interfaces-genericas/src/ejercicio-1/class_combat.ts","sources":["/home/usuario/prct06-clases-e-interfaces-genericas/src/ejercicio-1/class_combat.ts"],"names":[],"mappings":";;;AAAA,+CAAiC;AACjC,+DAAiD;AACjD,uDAAyC;AACzC,yDAA2C;AAC3C,2DAA6C;AAE7C;;;;;;GAMG;AACH,MAAa,MAAM;IACjB,YAAoB,QAAW,EAAU,QAAW;QAAhC,aAAQ,GAAR,QAAQ,CAAG;QAAU,aAAQ,GAAR,QAAQ,CAAG;IAAE,CAAC;IAEvD;;;OAGG;IACH,KAAK;QACH,OAAO,CAAC,GAAG,CAAC,0BAA0B,CAAC,CAAC;QACxC,OAAO,CAAC,GAAG,CAAC,yBAAyB,IAAI,CAAC,QAAQ,CAAC,OAAO,EAAE,MAAM,IAAI,CAAC,QAAQ,CAAC,OAAO,EAAE,EAAE,CAAC,CAAC;QAC7F,IAAI,MAAM,GAAW,IAAI,CAAC,KAAK,EAAE,CAAC;QAClC,IAAI,MAAM,IAAI,CAAC,EAAE;YACf,OAAO,CAAC,GAAG,CAAC,0CAA0C,IAAI,CAAC,QAAQ,CAAC,OAAO,EAAE,EAAE,CAAC,CAAC;YACjF,OAAO,IAAI,CAAC,QAAQ,CAAC,OAAO,EAAE,CAAC;SAChC;QACD,IAAI,MAAM,IAAI,CAAC,EAAE;YACf,OAAO,CAAC,GAAG,CAAC,0CAA0C,IAAI,CAAC,QAAQ,CAAC,OAAO,EAAE,EAAE,CAAC,CAAC;YACjF,OAAO,IAAI,CAAC,QAAQ,CAAC,OAAO,EAAE,CAAC;SAChC;IACH,CAAC;IAED;;;OAGG;IACH,KAAK;QACH,IAAI,MAAM,GAAW,IAAI,CAAC,QAAQ,CAAC,QAAQ,EAAE,CAAC;QAC9C,IAAI,MAAM,GAAW,IAAI,CAAC,QAAQ,CAAC,QAAQ,EAAE,CAAC;QAC9C,IAAI,QAAQ,GAAW,IAAI,CAAC,QAAQ,EAAE,CAAC;QACvC,OAAO,IAAI,EAAE;YACX,IAAI,QAAQ,IAAI,CAAC,EAAE;gBACjB,MAAM,GAAG,MAAM,GAAG,IAAI,CAAC,MAAM,CAAC,IAAI,CAAC,QAAQ,EAAE,IAAI,CAAC,QAAQ,CAAC,CAAC;gBAC5D,OAAO,CAAC,GAAG,CAAC,KAAK,IAAI,CAAC,QAAQ,CAAC,OAAO,EAAE,aAAa,MAAM,iBAAiB,CAAC,CAAC;gBAC9E,IAAI,MAAM,IAAI,CAAC;oBACb,OAAO,CAAC,CAAC;gBACX,MAAM,GAAG,MAAM,GAAG,IAAI,CAAC,MAAM,CAAC,IAAI,CAAC,QAAQ,EAAE,IAAI,CAAC,QAAQ,CAAC,CAAC;gBAC5D,OAAO,CAAC,GAAG,CAAC,KAAK,IAAI,CAAC,QAAQ,CAAC,OAAO,EAAE,aAAa,MAAM,iBAAiB,CAAC,CAAC;gBAC9E,IAAI,MAAM,IAAI,CAAC;oBACb,OAAO,CAAC,CAAC;aACZ;iBACI;gBACH,MAAM,GAAG,MAAM,GAAG,IAAI,CAAC,MAAM,CAAC,IAAI,CAAC,QAAQ,EAAE,IAAI,CAAC,QAAQ,CAAC,CAAC;gBAC5D,OAAO,CAAC,GAAG,CAAC,KAAK,IAAI,CAAC,QAAQ,CAAC,OAAO,EAAE,aAAa,MAAM,iBAAiB,CAAC,CAAC;gBAC9E,IAAI,MAAM,IAAI,CAAC;oBACb,OAAO,CAAC,CAAC;gBACX,MAAM,GAAG,MAAM,GAAE,IAAI,CAAC,MAAM,CAAC,IAAI,CAAC,QAAQ,EAAE,IAAI,CAAC,QAAQ,CAAC,CAAC;gBAC3D,OAAO,CAAC,GAAG,CAAC,KAAK,IAAI,CAAC,QAAQ,CAAC,OAAO,EAAE,aAAa,MAAM,iBAAiB,CAAC,CAAC;gBAC9E,IAAI,MAAM,IAAI,CAAC;oBACb,OAAO,CAAC,CAAC;aACZ;YACD,OAAO,CAAC,GAAG,CAAC,EAAE,CAAC,CAAC;SACjB;IACH,CAAC;IAED;;;OAGG;IACH,QAAQ;QACN,IAAI,IAAI,CAAC,QAAQ,CAAC,QAAQ,EAAE,IAAI,IAAI,CAAC,QAAQ,CAAC,QAAQ,EAAE;YACtD,OAAO,CAAC,CAAC;;YAET,OAAO,CAAC,CAAC;IACb,CAAC;IAED;;;;;OAKG;IACH,MAAM,CAAC,QAAiB,EAAE,QAAiB;QACzC,IAAI,MAAM,GAAW,CAAC,CAAC;QACvB,IAAI,QAAQ,YAAY,0BAAO,EAAE;YAC/B,IAAI,QAAQ,YAAY,0BAAO;gBAC7B,MAAM,GAAG,IAAI,CAAC,iBAAiB,CAAC,QAAQ,EAAE,QAAQ,CAAC,CAAC;YACtD,IAAI,QAAQ,YAAY,4BAAQ;gBAC9B,MAAM,GAAG,IAAI,CAAC,aAAa,CAAC,QAAQ,EAAE,QAAQ,CAAC,CAAC;YAClD,IAAI,QAAQ,YAAY,gBAAE;gBACxB,MAAM,GAAG,IAAI,CAAC,aAAa,CAAC,QAAQ,EAAE,QAAQ,CAAC,CAAC;YAClD,IAAI,QAAQ,YAAY,wBAAM;gBAC5B,MAAM,GAAG,IAAI,CAAC,aAAa,CAAC,QAAQ,EAAE,QAAQ,CAAC,CAAC;YAClD,IAAI,QAAQ,YAAY,gCAAU;gBAChC,MAAM,GAAG,IAAI,CAAC,aAAa,CAAC,QAAQ,EAAE,QAAQ,CAAC,CAAC;SACnD;QAED,IAAI,QAAQ,YAAY,gCAAU,EAAE;YAClC,IAAI,QAAQ,YAAY,0BAAO;gBAC7B,MAAM,GAAG,IAAI,CAAC,cAAc,CAAC,QAAQ,EAAE,QAAQ,CAAC,CAAC;YACnD,IAAI,QAAQ,YAAY,4BAAQ;gBAC9B,MAAM,GAAG,IAAI,CAAC,cAAc,CAAC,QAAQ,EAAE,QAAQ,CAAC,CAAC;YACnD,IAAI,QAAQ,YAAY,gBAAE;gBACxB,MAAM,GAAG,IAAI,CAAC,cAAc,CAAC,QAAQ,EAAE,QAAQ,CAAC,CAAC;YACnD,IAAI,QAAQ,YAAY,wBAAM;gBAC5B,MAAM,GAAG,IAAI,CAAC,aAAa,CAAC,QAAQ,EAAE,QAAQ,CAAC,CAAC;YAClD,IAAI,QAAQ,YAAY,gCAAU;gBAChC,MAAM,GAAG,IAAI,CAAC,iBAAiB,CAAC,QAAQ,EAAE,QAAQ,CAAC,CAAC;SACvD;QAED,IAAI,QAAQ,YAAY,wBAAM,EAAE;YAC9B,IAAI,QAAQ,YAAY,0BAAO;gBAC7B,MAAM,GAAG,IAAI,CAAC,cAAc,CAAC,QAAQ,EAAE,QAAQ,CAAC,CAAC;YACnD,IAAI,QAAQ,YAAY,4BAAQ;gBAC9B,MAAM,GAAG,IAAI,CAAC,iBAAiB,CAAC,QAAQ,EAAE,QAAQ,CAAC,CAAC;YACtD,IAAI,QAAQ,YAAY,gBAAE;gBACxB,MAAM,GAAG,IAAI,CAAC,iBAAiB,CAAC,QAAQ,EAAE,QAAQ,CAAC,CAAC;YACtD,IAAI,QAAQ,YAAY,wBAAM;gBAC5B,MAAM,GAAG,IAAI,CAAC,iBAAiB,CAAC,QAAQ,EAAE,QAAQ,CAAC,CAAC;YACtD,IAAI,QAAQ,YAAY,gCAAU;gBAChC,MAAM,GAAG,IAAI,CAAC,cAAc,CAAC,QAAQ,EAAE,QAAQ,CAAC,CAAC;SACpD;QAED,IAAI,QAAQ,YAAY,4BAAQ,EAAE;YAChC,IAAI,QAAQ,YAAY,0BAAO;gBAC7B,MAAM,GAAG,IAAI,CAAC,cAAc,CAAC,QAAQ,EAAE,QAAQ,CAAC,CAAC;YACnD,IAAI,QAAQ,YAAY,4BAAQ;gBAC9B,MAAM,GAAG,IAAI,CAAC,iBAAiB,CAAC,QAAQ,EAAE,QAAQ,CAAC,CAAC;YACtD,IAAI,QAAQ,YAAY,gBAAE;gBACxB,MAAM,GAAG,IAAI,CAAC,iBAAiB,CAAC,QAAQ,EAAE,QAAQ,CAAC,CAAC;YACtD,IAAI,QAAQ,YAAY,wBAAM;gBAC5B,MAAM,GAAG,IAAI,CAAC,iBAAiB,CAAC,QAAQ,EAAE,QAAQ,CAAC,CAAC;YACtD,IAAI,QAAQ,YAAY,gCAAU;gBAChC,MAAM,GAAG,IAAI,CAAC,aAAa,CAAC,QAAQ,EAAE,QAAQ,CAAC,CAAC;SACnD;QAED,IAAI,QAAQ,YAAY,gBAAE,EAAE;YAC1B,IAAI,QAAQ,YAAY,0BAAO;gBAC7B,MAAM,GAAG,IAAI,CAAC,cAAc,CAAC,QAAQ,EAAE,QAAQ,CAAC,CAAC;YACnD,IAAI,QAAQ,YAAY,4BAAQ;gBAC9B,MAAM,GAAG,IAAI,CAAC,iBAAiB,CAAC,QAAQ,EAAE,QAAQ,CAAC,CAAC;YACtD,IAAI,QAAQ,YAAY,gBAAE;gBACxB,MAAM,GAAG,IAAI,CAAC,iBAAiB,CAAC,QAAQ,EAAE,QAAQ,CAAC,CAAC;YACtD,IAAI,QAAQ,YAAY,wBAAM;gBAC5B,MAAM,GAAG,IAAI,CAAC,iBAAiB,CAAC,QAAQ,EAAE,QAAQ,CAAC,CAAC;YACtD,IAAI,QAAQ,YAAY,gCAAU;gBAChC,MAAM,GAAG,IAAI,CAAC,aAAa,CAAC,QAAQ,EAAE,QAAQ,CAAC,CAAC;SACnD;QAED,OAAO,CAAC,GAAG,CAAC,GAAG,QAAQ,CAAC,OAAO,EAAE,iBAAiB,IAAI,CAAC,KAAK,CAAC,MAAM,CAAC,oBAAoB,QAAQ,CAAC,iBAAiB,EAAE,EAAE,CAAC,CAAC;QACxH,OAAO,IAAI,CAAC,KAAK,CAAC,MAAM,CAAC,CAAC;IAC5B,CAAC;IAED;;;;;OAKG;IACH,aAAa,CAAC,QAAiB,EAAE,QAAiB;QAChD,IAAI,QAAQ,CAAC,SAAS,EAAE,GAAG,CAAC;YAC1B,OAAO,CAAC,CAAC;QACX,IAAI,QAAQ,CAAC,UAAU,EAAE,GAAG,CAAC;YAC3B,OAAO,EAAE,GAAG,QAAQ,CAAC,SAAS,EAAE,GAAG,GAAG,CAAC;QACzC,OAAO,EAAE,GAAG,CAAC,QAAQ,CAAC,SAAS,EAAE,GAAG,QAAQ,CAAC,UAAU,EAAE,CAAC,GAAG,GAAG,CAAC;IACnE,CAAC;IAED;;;;;OAKG;IACH,iBAAiB,CAAC,QAAiB,EAAE,QAAiB;QACpD,IAAI,QAAQ,CAAC,SAAS,EAAE,GAAG,CAAC;YAC1B,OAAO,CAAC,CAAC;QACX,IAAI,QAAQ,CAAC,UAAU,EAAE,GAAG,CAAC;YAC3B,OAAO,EAAE,GAAG,QAAQ,CAAC,SAAS,EAAE,CAAC;QACnC,OAAO,EAAE,GAAG,CAAC,QAAQ,CAAC,SAAS,EAAE,GAAG,QAAQ,CAAC,UAAU,EAAE,CAAC,CAAC;IAC7D,CAAC;IAED;;;;;OAKG;IACH,cAAc,CAAC,QAAiB,EAAE,QAAiB;QACjD,IAAI,QAAQ,CAAC,SAAS,EAAE,GAAG,CAAC;YAC1B,OAAO,CAAC,CAAC;QACX,IAAI,QAAQ,CAAC,UAAU,EAAE,GAAG,CAAC;YAC3B,OAAO,EAAE,GAAG,QAAQ,CAAC,SAAS,EAAE,GAAG,CAAC,CAAC;QACvC,OAAO,EAAE,GAAG,CAAC,QAAQ,CAAC,SAAS,EAAE,GAAG,QAAQ,CAAC,UAAU,EAAE,CAAC,GAAG,CAAC,CAAC;IACjE,CAAC;CACF;AAvLD,wBAuLC","sourcesContent":["import {DC} from \"./subclass_dc\";\nimport {DragonBall} from \"./subclass_dragonball\";\nimport {Marvel} from \"./subclass_marvel\";\nimport {Pokemon} from \"./subclass_pokemon\";\nimport {StarWars} from \"./subclass_starwars\";\nimport {Fighter} from \"./superclass_fighter\"\n/**\n * Clase Combat que sirve para llevar el combate entre luchadores\n * \n * Se define 2 atributos, dos objetos de la clase Fighter.\n * \n * Se tienen 7 métodos, start, fight, priority, attack, lowEfficiency, neutralEfficiency y highEfficiency.\n */\nexport class Combat <T extends Fighter, U extends Fighter>{\n  constructor(private fighter1: T, private fighter2: U){}\n  \n  /**\n   * Función interfaz que informa que se empieza el combate y que se termina asi como el ganador\n   * @returns un tipo string con el nombre del ganador\n   */\n  start(): string {\n    console.log(\"¡¡¡El COMBATE EMPIEZA!!!\");\n    console.log(`Los combatientes son: ${this.fighter1.getName()} y ${this.fighter2.getName()}`);\n    let winner :number = this.fight();\n    if (winner == 1) {\n      console.log(`El combate ha terminado, el ganador es ${this.fighter1.getName()}`);\n      return this.fighter1.getName();\n    }\n    if (winner == 2) {\n      console.log(`El combate ha terminado, el ganador es ${this.fighter2.getName()}`);\n      return this.fighter2.getName();\n    }\n  }\n  \n  /**\n   * Función que sirve para llevar acabo el combate\n   * @returns un tipo number que indica que luchador a ganado\n   */\n  fight(): number {\n    let healt1: number = this.fighter1.getHealt();\n    let healt2: number = this.fighter2.getHealt();\n    let priority: number = this.priority();\n    while (true) {\n      if (priority == 1) {\n        healt2 = healt2 - this.attack(this.fighter1, this.fighter2);\n        console.log(`A ${this.fighter2.getName()} le queda ${healt2} puntos de vida`);\n        if (healt2 <= 0)\n          return 1;\n        healt1 = healt1 - this.attack(this.fighter2, this.fighter1);\n        console.log(`A ${this.fighter1.getName()} le queda ${healt1} puntos de vida`);\n        if (healt1 <= 0)\n          return 2;\n      }\n      else {\n        healt1 = healt1 - this.attack(this.fighter2, this.fighter1);\n        console.log(`A ${this.fighter1.getName()} le queda ${healt1} puntos de vida`);\n        if (healt1 <= 0)\n          return 2;\n        healt2 = healt2 -this.attack(this.fighter1, this.fighter2);\n        console.log(`A ${this.fighter2.getName()} le queda ${healt2} puntos de vida`);\n        if (healt2 <= 0)\n          return 1;\n      }\n      console.log('');\n    }\n  }\n  \n  /**\n   * Función que establece la prioridad de ataque de ambos luchadores\n   * @returns un tipo number para indicar que prioridad entre los luchadores se debe llevar a acabo\n   */\n  priority(): number {\n    if (this.fighter1.getSpeed() >= this.fighter2.getSpeed())\n      return 1;\n    else\n      return 2;\n  }\n  \n  /**\n   * Función utilizada para saber con que efectividad tiene que atacar el luchador 1 al luchador 2\n   * @param fighter1 Objeto de la clase Fighter que indica el luchador que ataca\n   * @param fighter2 Objeto de la clase Fighter que indica el luchador que recibe el daño\n   * @returns un tipo number con el daño causado\n   */\n  attack(fighter1: Fighter, fighter2: Fighter): number {\n    let damage: number = 0;\n    if (fighter1 instanceof Pokemon) {\n      if (fighter2 instanceof Pokemon)\n        damage = this.neutralEfficiency(fighter1, fighter2);\n      if (fighter2 instanceof StarWars)\n        damage = this.lowEfficiency(fighter1, fighter2);\n      if (fighter2 instanceof DC)\n        damage = this.lowEfficiency(fighter1, fighter2);\n      if (fighter2 instanceof Marvel)\n        damage = this.lowEfficiency(fighter1, fighter2);\n      if (fighter2 instanceof DragonBall)\n        damage = this.lowEfficiency(fighter1, fighter2);\n    }\n\n    if (fighter1 instanceof DragonBall) {\n      if (fighter2 instanceof Pokemon)\n        damage = this.highEfficiency(fighter1, fighter2);\n      if (fighter2 instanceof StarWars)\n        damage = this.highEfficiency(fighter1, fighter2);\n      if (fighter2 instanceof DC)\n        damage = this.highEfficiency(fighter1, fighter2);\n      if (fighter2 instanceof Marvel)\n        damage = this.lowEfficiency(fighter1, fighter2);\n      if (fighter2 instanceof DragonBall)\n        damage = this.neutralEfficiency(fighter1, fighter2);\n    }\n\n    if (fighter1 instanceof Marvel) {\n      if (fighter2 instanceof Pokemon)\n        damage = this.highEfficiency(fighter1, fighter2);\n      if (fighter2 instanceof StarWars)\n        damage = this.neutralEfficiency(fighter1, fighter2);\n      if (fighter2 instanceof DC)\n        damage = this.neutralEfficiency(fighter1, fighter2);\n      if (fighter2 instanceof Marvel)\n        damage = this.neutralEfficiency(fighter1, fighter2);\n      if (fighter2 instanceof DragonBall)\n        damage = this.highEfficiency(fighter1, fighter2);\n    }\n\n    if (fighter1 instanceof StarWars) {\n      if (fighter2 instanceof Pokemon)\n        damage = this.highEfficiency(fighter1, fighter2);\n      if (fighter2 instanceof StarWars)\n        damage = this.neutralEfficiency(fighter1, fighter2);\n      if (fighter2 instanceof DC)\n        damage = this.neutralEfficiency(fighter1, fighter2);\n      if (fighter2 instanceof Marvel)\n        damage = this.neutralEfficiency(fighter1, fighter2);\n      if (fighter2 instanceof DragonBall)\n        damage = this.lowEfficiency(fighter1, fighter2);\n    }\n\n    if (fighter1 instanceof DC) {\n      if (fighter2 instanceof Pokemon)\n        damage = this.highEfficiency(fighter1, fighter2);\n      if (fighter2 instanceof StarWars)\n        damage = this.neutralEfficiency(fighter1, fighter2);\n      if (fighter2 instanceof DC)\n        damage = this.neutralEfficiency(fighter1, fighter2);\n      if (fighter2 instanceof Marvel)\n        damage = this.neutralEfficiency(fighter1, fighter2);\n      if (fighter2 instanceof DragonBall)\n        damage = this.lowEfficiency(fighter1, fighter2);\n    }\n    \n    console.log(`${fighter1.getName()} ataca y hace ${Math.round(damage)} puntos de daño: ${fighter1.getCatchingPhrase()}`);\n    return Math.round(damage);\n  }\n  \n  /**\n   * Función utilizada para calcular el daño si el ataque es poco efectivo\n   * @param fighter1 Objeto de la clase Fighter que indica el luchador que ataca\n   * @param fighter2 Objeto de la clase Fighter que indica el luchador que recibe el daño\n   * @returns un tipo number con el daño causado\n   */\n  lowEfficiency(fighter1: Fighter, fighter2: Fighter): number {\n    if (fighter1.getAttack() < 1)\n      return 0;\n    if (fighter2.getDefense() < 1)\n      return 50 * fighter1.getAttack() * 0.5;\n    return 50 * (fighter1.getAttack() / fighter2.getDefense()) * 0.5;\n  }\n  \n  /**\n   * Función utilizada para calcular el daño si el ataque es neutral en efectividad\n   * @param fighter1 Objeto de la clase Fighter que indica el luchador que ataca\n   * @param fighter2 Objeto de la clase Fighter que indica el luchador que recibe el daño\n   * @returns un tipo number con el daño causado\n   */\n  neutralEfficiency(fighter1: Fighter, fighter2: Fighter): number {\n    if (fighter1.getAttack() < 1)\n      return 0;\n    if (fighter2.getDefense() < 1)\n      return 50 * fighter1.getAttack();\n    return 50 * (fighter1.getAttack() / fighter2.getDefense());\n  }\n  \n  /**\n   * Función utilizada para calcular el daño si el ataque es efectivo\n   * @param fighter1 Objeto de la clase Fighter que indica el luchador que ataca\n   * @param fighter2 Objeto de la clase Fighter que indica el luchador que recibe el daño\n   * @returns un tipo number con el daño causado\n   */\n  highEfficiency(fighter1: Fighter, fighter2: Fighter): number {\n    if (fighter1.getAttack() < 1)\n      return 0;\n    if (fighter2.getDefense() < 1)\n      return 50 * fighter1.getAttack() * 2;\n    return 50 * (fighter1.getAttack() / fighter2.getDefense()) * 2;\n  }\n}\n"]},"_coverageSchema":"1a1c01bbd47fc00a2c39e90264f33305004495a9","hash":"4d9b6971f677c0047c6d2f545f1b7fa3fe2521fd","contentHash":"61aa8dd7c9905038875e3c00054d066a57796920511c9ddc9cf0cc62b3c026e8"},"/home/usuario/prct06-clases-e-interfaces-genericas/src/ejercicio-1/subclass_dc.ts":{"path":"/home/usuario/prct06-clases-e-interfaces-genericas/src/ejercicio-1/subclass_dc.ts","statementMap":{"0":{"start":{"line":2,"column":0},"end":{"line":2,"column":62}},"1":{"start":{"line":3,"column":0},"end":{"line":3,"column":20}},"2":{"start":{"line":4,"column":29},"end":{"line":4,"column":60}},"3":{"start":{"line":15,"column":8},"end":{"line":15,"column":84}},"4":{"start":{"line":16,"column":8},"end":{"line":16,"column":25}},"5":{"start":{"line":17,"column":8},"end":{"line":17,"column":29}},"6":{"start":{"line":18,"column":8},"end":{"line":18,"column":29}},"7":{"start":{"line":19,"column":8},"end":{"line":19,"column":29}},"8":{"start":{"line":20,"column":8},"end":{"line":20,"column":31}},"9":{"start":{"line":21,"column":8},"end":{"line":21,"column":27}},"10":{"start":{"line":22,"column":8},"end":{"line":22,"column":27}},"11":{"start":{"line":23,"column":8},"end":{"line":23,"column":47}},"12":{"start":{"line":26,"column":8},"end":{"line":26,"column":25}},"13":{"start":{"line":29,"column":8},"end":{"line":29,"column":27}},"14":{"start":{"line":32,"column":8},"end":{"line":32,"column":27}},"15":{"start":{"line":35,"column":8},"end":{"line":35,"column":27}},"16":{"start":{"line":38,"column":8},"end":{"line":38,"column":28}},"17":{"start":{"line":41,"column":8},"end":{"line":41,"column":26}},"18":{"start":{"line":44,"column":8},"end":{"line":44,"column":26}},"19":{"start":{"line":47,"column":8},"end":{"line":47,"column":36}},"20":{"start":{"line":50,"column":8},"end":{"line":50,"column":25}},"21":{"start":{"line":53,"column":8},"end":{"line":53,"column":29}},"22":{"start":{"line":56,"column":8},"end":{"line":56,"column":29}},"23":{"start":{"line":59,"column":8},"end":{"line":59,"column":29}},"24":{"start":{"line":62,"column":8},"end":{"line":62,"column":31}},"25":{"start":{"line":65,"column":8},"end":{"line":65,"column":27}},"26":{"start":{"line":68,"column":8},"end":{"line":68,"column":27}},"27":{"start":{"line":71,"column":8},"end":{"line":71,"column":47}},"28":{"start":{"line":74,"column":0},"end":{"line":74,"column":16}}},"fnMap":{"0":{"name":"(anonymous_0)","decl":{"start":{"line":14,"column":4},"end":{"line":14,"column":5}},"loc":{"start":{"line":14,"column":86},"end":{"line":24,"column":5}},"line":14},"1":{"name":"(anonymous_1)","decl":{"start":{"line":25,"column":4},"end":{"line":25,"column":5}},"loc":{"start":{"line":25,"column":14},"end":{"line":27,"column":5}},"line":25},"2":{"name":"(anonymous_2)","decl":{"start":{"line":28,"column":4},"end":{"line":28,"column":5}},"loc":{"start":{"line":28,"column":16},"end":{"line":30,"column":5}},"line":28},"3":{"name":"(anonymous_3)","decl":{"start":{"line":31,"column":4},"end":{"line":31,"column":5}},"loc":{"start":{"line":31,"column":16},"end":{"line":33,"column":5}},"line":31},"4":{"name":"(anonymous_4)","decl":{"start":{"line":34,"column":4},"end":{"line":34,"column":5}},"loc":{"start":{"line":34,"column":16},"end":{"line":36,"column":5}},"line":34},"5":{"name":"(anonymous_5)","decl":{"start":{"line":37,"column":4},"end":{"line":37,"column":5}},"loc":{"start":{"line":37,"column":17},"end":{"line":39,"column":5}},"line":37},"6":{"name":"(anonymous_6)","decl":{"start":{"line":40,"column":4},"end":{"line":40,"column":5}},"loc":{"start":{"line":40,"column":15},"end":{"line":42,"column":5}},"line":40},"7":{"name":"(anonymous_7)","decl":{"start":{"line":43,"column":4},"end":{"line":43,"column":5}},"loc":{"start":{"line":43,"column":15},"end":{"line":45,"column":5}},"line":43},"8":{"name":"(anonymous_8)","decl":{"start":{"line":46,"column":4},"end":{"line":46,"column":5}},"loc":{"start":{"line":46,"column":24},"end":{"line":48,"column":5}},"line":46},"9":{"name":"(anonymous_9)","decl":{"start":{"line":49,"column":4},"end":{"line":49,"column":5}},"loc":{"start":{"line":49,"column":18},"end":{"line":51,"column":5}},"line":49},"10":{"name":"(anonymous_10)","decl":{"start":{"line":52,"column":4},"end":{"line":52,"column":5}},"loc":{"start":{"line":52,"column":22},"end":{"line":54,"column":5}},"line":52},"11":{"name":"(anonymous_11)","decl":{"start":{"line":55,"column":4},"end":{"line":55,"column":5}},"loc":{"start":{"line":55,"column":22},"end":{"line":57,"column":5}},"line":55},"12":{"name":"(anonymous_12)","decl":{"start":{"line":58,"column":4},"end":{"line":58,"column":5}},"loc":{"start":{"line":58,"column":22},"end":{"line":60,"column":5}},"line":58},"13":{"name":"(anonymous_13)","decl":{"start":{"line":61,"column":4},"end":{"line":61,"column":5}},"loc":{"start":{"line":61,"column":24},"end":{"line":63,"column":5}},"line":61},"14":{"name":"(anonymous_14)","decl":{"start":{"line":64,"column":4},"end":{"line":64,"column":5}},"loc":{"start":{"line":64,"column":20},"end":{"line":66,"column":5}},"line":64},"15":{"name":"(anonymous_15)","decl":{"start":{"line":67,"column":4},"end":{"line":67,"column":5}},"loc":{"start":{"line":67,"column":20},"end":{"line":69,"column":5}},"line":67},"16":{"name":"(anonymous_16)","decl":{"start":{"line":70,"column":4},"end":{"line":70,"column":5}},"loc":{"start":{"line":70,"column":39},"end":{"line":72,"column":5}},"line":70}},"branchMap":{},"s":{"0":1,"1":1,"2":1,"3":13,"4":13,"5":13,"6":13,"7":13,"8":13,"9":13,"10":13,"11":13,"12":89,"13":0,"14":0,"15":54,"16":69,"17":6,"18":4,"19":27,"20":0,"21":0,"22":0,"23":0,"24":0,"25":0,"26":0,"27":0,"28":1},"f":{"0":13,"1":89,"2":0,"3":0,"4":54,"5":69,"6":6,"7":4,"8":27,"9":0,"10":0,"11":0,"12":0,"13":0,"14":0,"15":0,"16":0},"b":{},"inputSourceMap":{"version":3,"file":"/home/usuario/prct06-clases-e-interfaces-genericas/src/ejercicio-1/subclass_dc.ts","sources":["/home/usuario/prct06-clases-e-interfaces-genericas/src/ejercicio-1/subclass_dc.ts"],"names":[],"mappings":";;;AAAA,6DAA6C;AAC7C;;;;;;;GAOG;AACH,MAAa,EAAG,SAAQ,4BAAO;IAC7B,YAAsB,IAAY,EAAY,MAAc,EAAY,MAAc,EAC1E,MAAc,EAAY,OAAe,EAAY,KAAa,EAClE,KAAa,EAAY,eAAuB;QAC1D,KAAK,CAAC,IAAI,EAAE,MAAM,EAAE,MAAM,EAAE,MAAM,EAAE,OAAO,EAAE,KAAK,EAAE,KAAK,EAAE,eAAe,CAAE,CAAC;QAHzD,SAAI,GAAJ,IAAI,CAAQ;QAAY,WAAM,GAAN,MAAM,CAAQ;QAAY,WAAM,GAAN,MAAM,CAAQ;QAC1E,WAAM,GAAN,MAAM,CAAQ;QAAY,YAAO,GAAP,OAAO,CAAQ;QAAY,UAAK,GAAL,KAAK,CAAQ;QAClE,UAAK,GAAL,KAAK,CAAQ;QAAY,oBAAe,GAAf,eAAe,CAAQ;IAE5D,CAAC;IAED,OAAO;QACL,OAAO,IAAI,CAAC,IAAI,CAAC;IACnB,CAAC;IAED,SAAS;QACP,OAAO,IAAI,CAAC,MAAM,CAAC;IACrB,CAAC;IAED,SAAS;QACP,OAAO,IAAI,CAAC,MAAM,CAAC;IACrB,CAAC;IAED,SAAS;QACP,OAAO,IAAI,CAAC,MAAM,CAAC;IACrB,CAAC;IAED,UAAU;QACR,OAAO,IAAI,CAAC,OAAO,CAAC;IACtB,CAAC;IAED,QAAQ;QACN,OAAO,IAAI,CAAC,KAAK,CAAC;IACpB,CAAC;IAED,QAAQ;QACN,OAAO,IAAI,CAAC,KAAK,CAAC;IACpB,CAAC;IAED,iBAAiB;QACf,OAAO,IAAI,CAAC,eAAe,CAAC;IAC9B,CAAC;IAED,OAAO,CAAC,IAAY;QAClB,IAAI,CAAC,IAAI,GAAG,IAAI,CAAC;IACnB,CAAC;IAED,SAAS,CAAC,MAAc;QACtB,IAAI,CAAC,MAAM,GAAG,MAAM,CAAC;IACvB,CAAC;IAED,SAAS,CAAC,MAAc;QACtB,IAAI,CAAC,MAAM,GAAG,MAAM,CAAC;IACvB,CAAC;IAED,SAAS,CAAC,MAAc;QACtB,IAAI,CAAC,MAAM,GAAG,MAAM,CAAC;IACvB,CAAC;IAED,UAAU,CAAC,OAAe;QACxB,IAAI,CAAC,OAAO,GAAG,OAAO,CAAC;IACzB,CAAC;IAED,QAAQ,CAAC,KAAa;QACpB,IAAI,CAAC,KAAK,GAAG,KAAK,CAAC;IACrB,CAAC;IAED,QAAQ,CAAC,KAAa;QACpB,IAAI,CAAC,KAAK,GAAG,KAAK,CAAC;IACrB,CAAC;IAED,iBAAiB,CAAC,eAAuB;QACvC,IAAI,CAAC,eAAe,GAAG,eAAe,CAAC;IACzC,CAAC;CACF;AAtED,gBAsEC","sourcesContent":["import {Fighter} from \"./superclass_fighter\";\n/**\n * subclase DC de la superclase Fighter.\n * \n * Se define 8 atributos: dos tipo string, name y catching_phrase; y 6 de tipo number\n * height, weight, attack, defense, speed y healt. Cada atributo se autodefinen.\n * \n * Se tienen 16 métodos, 6 métodos getters y 6 métodos setters.\n */\nexport class DC extends Fighter {\n  constructor(protected name: string, protected height: number, protected weight: number,\n    protected attack: number, protected defense: number, protected speed: number,\n    protected healt: number, protected catching_phrase: string){\n    super(name, height, weight, attack, defense, speed, healt, catching_phrase,);\n  }\n\n  getName(): string {\n    return this.name;\n  }\n\n  getHeight(): number {\n    return this.height;\n  }\n\n  getWeight(): number {\n    return this.weight;\n  }\n\n  getAttack(): number {\n    return this.attack;\n  }\n\n  getDefense(): number {\n    return this.defense;\n  }\n\n  getSpeed(): number {\n    return this.speed;\n  }\n\n  getHealt(): number {\n    return this.healt;\n  }\n\n  getCatchingPhrase(): string {\n    return this.catching_phrase;\n  }\n\n  setName(name: string) {\n    this.name = name;\n  }\n\n  setHeight(height: number) {\n    this.height = height;\n  }\n\n  setWeight(weight: number) {\n    this.weight = weight;\n  }\n\n  setAttack(attack: number) {\n    this.attack = attack;\n  }\n\n  setDefense(defense: number) {\n    this.defense = defense;\n  }\n\n  setSpeed(speed: number) {\n    this.speed = speed;\n  }\n\n  setHealt(healt: number) {\n    this.healt = healt;\n  }\n\n  setCatchingPhrase(catching_phrase: string) {\n    this.catching_phrase = catching_phrase;\n  }\n}"]},"_coverageSchema":"1a1c01bbd47fc00a2c39e90264f33305004495a9","hash":"8cbb3b8b4d1640e7b2bfa4ec2b4fbc5ced0b9f1a","contentHash":"e0025fd81784be2e44a64907a8ff67ff8fd6b5f485d6a0b7dc14301aa812dfdc"},"/home/usuario/prct06-clases-e-interfaces-genericas/src/ejercicio-1/superclass_fighter.ts":{"path":"/home/usuario/prct06-clases-e-interfaces-genericas/src/ejercicio-1/superclass_fighter.ts","statementMap":{"0":{"start":{"line":2,"column":0},"end":{"line":2,"column":62}},"1":{"start":{"line":3,"column":0},"end":{"line":3,"column":25}},"2":{"start":{"line":15,"column":8},"end":{"line":15,"column":25}},"3":{"start":{"line":16,"column":8},"end":{"line":16,"column":29}},"4":{"start":{"line":17,"column":8},"end":{"line":17,"column":29}},"5":{"start":{"line":18,"column":8},"end":{"line":18,"column":29}},"6":{"start":{"line":19,"column":8},"end":{"line":19,"column":31}},"7":{"start":{"line":20,"column":8},"end":{"line":20,"column":27}},"8":{"start":{"line":21,"column":8},"end":{"line":21,"column":27}},"9":{"start":{"line":22,"column":8},"end":{"line":22,"column":47}},"10":{"start":{"line":25,"column":0},"end":{"line":25,"column":26}}},"fnMap":{"0":{"name":"(anonymous_0)","decl":{"start":{"line":14,"column":4},"end":{"line":14,"column":5}},"loc":{"start":{"line":14,"column":86},"end":{"line":23,"column":5}},"line":14}},"branchMap":{},"s":{"0":1,"1":1,"2":42,"3":42,"4":42,"5":42,"6":42,"7":42,"8":42,"9":42,"10":1},"f":{"0":42},"b":{},"inputSourceMap":{"version":3,"file":"/home/usuario/prct06-clases-e-interfaces-genericas/src/ejercicio-1/superclass_fighter.ts","sources":["/home/usuario/prct06-clases-e-interfaces-genericas/src/ejercicio-1/superclass_fighter.ts"],"names":[],"mappings":";;;AAAA;;;;;;;;GAQG;AACH,MAAsB,OAAO;IAC3B,YAAsB,IAAY,EAAY,MAAc,EAAY,MAAc,EAC1E,MAAc,EAAY,OAAe,EAAY,KAAa,EAClE,KAAa,EAAY,eAAuB;QAFtC,SAAI,GAAJ,IAAI,CAAQ;QAAY,WAAM,GAAN,MAAM,CAAQ;QAAY,WAAM,GAAN,MAAM,CAAQ;QAC1E,WAAM,GAAN,MAAM,CAAQ;QAAY,YAAO,GAAP,OAAO,CAAQ;QAAY,UAAK,GAAL,KAAK,CAAQ;QAClE,UAAK,GAAL,KAAK,CAAQ;QAAY,oBAAe,GAAf,eAAe,CAAQ;IAAE,CAAC;CAoBhE;AAvBD,0BAuBC","sourcesContent":["/**\n * Clase abstracta Fighter que define los atributos y funciones comunes para las\n * subclases de los universos de los luchadores\n * \n * Se define 8 atributos: dos tipo string, name y catching_phrase; y 6 de tipo number\n * height, weight, attack, defense, speed y healt. Cada atributo se autodefinen.\n * \n * Se tienen 16 métodos, 8 métodos getters y 8 métodos setters.\n */\nexport abstract class Fighter {\n  constructor(protected name: string, protected height: number, protected weight: number,\n    protected attack: number, protected defense: number, protected speed: number,\n    protected healt: number, protected catching_phrase: string){}\n  \n  abstract getName(): string;\n  abstract getHeight(): number;\n  abstract getWeight(): number;\n  abstract getAttack(): number;\n  abstract getDefense(): number;\n  abstract getSpeed(): number;\n  abstract getHealt(): number;\n  abstract getCatchingPhrase(): string;\n\n  abstract setName(name: string);\n  abstract setHeight(height: number);\n  abstract setWeight(weight: number);\n  abstract setAttack(attack: number);\n  abstract setDefense(defense: number);\n  abstract setSpeed(speed: number);\n  abstract setHealt(healt: number);\n  abstract setCatchingPhrase(catching_phrase: string);\n\n}"]},"_coverageSchema":"1a1c01bbd47fc00a2c39e90264f33305004495a9","hash":"f1ddb8139fc8255ff169443aa99f334401d1a734","contentHash":"5974fd71dc804176ae19804a1c661a0e4c9561a556424b9d1e5131d66e5a6b7a"},"/home/usuario/prct06-clases-e-interfaces-genericas/src/ejercicio-1/subclass_dragonball.ts":{"path":"/home/usuario/prct06-clases-e-interfaces-genericas/src/ejercicio-1/subclass_dragonball.ts","statementMap":{"0":{"start":{"line":2,"column":0},"end":{"line":2,"column":62}},"1":{"start":{"line":3,"column":0},"end":{"line":3,"column":28}},"2":{"start":{"line":4,"column":29},"end":{"line":4,"column":60}},"3":{"start":{"line":15,"column":8},"end":{"line":15,"column":84}},"4":{"start":{"line":16,"column":8},"end":{"line":16,"column":25}},"5":{"start":{"line":17,"column":8},"end":{"line":17,"column":29}},"6":{"start":{"line":18,"column":8},"end":{"line":18,"column":29}},"7":{"start":{"line":19,"column":8},"end":{"line":19,"column":29}},"8":{"start":{"line":20,"column":8},"end":{"line":20,"column":31}},"9":{"start":{"line":21,"column":8},"end":{"line":21,"column":27}},"10":{"start":{"line":22,"column":8},"end":{"line":22,"column":27}},"11":{"start":{"line":23,"column":8},"end":{"line":23,"column":47}},"12":{"start":{"line":26,"column":8},"end":{"line":26,"column":25}},"13":{"start":{"line":29,"column":8},"end":{"line":29,"column":27}},"14":{"start":{"line":32,"column":8},"end":{"line":32,"column":27}},"15":{"start":{"line":35,"column":8},"end":{"line":35,"column":27}},"16":{"start":{"line":38,"column":8},"end":{"line":38,"column":28}},"17":{"start":{"line":41,"column":8},"end":{"line":41,"column":26}},"18":{"start":{"line":44,"column":8},"end":{"line":44,"column":26}},"19":{"start":{"line":47,"column":8},"end":{"line":47,"column":36}},"20":{"start":{"line":50,"column":8},"end":{"line":50,"column":25}},"21":{"start":{"line":53,"column":8},"end":{"line":53,"column":29}},"22":{"start":{"line":56,"column":8},"end":{"line":56,"column":29}},"23":{"start":{"line":59,"column":8},"end":{"line":59,"column":29}},"24":{"start":{"line":62,"column":8},"end":{"line":62,"column":31}},"25":{"start":{"line":65,"column":8},"end":{"line":65,"column":27}},"26":{"start":{"line":68,"column":8},"end":{"line":68,"column":27}},"27":{"start":{"line":71,"column":8},"end":{"line":71,"column":47}},"28":{"start":{"line":74,"column":0},"end":{"line":74,"column":32}}},"fnMap":{"0":{"name":"(anonymous_0)","decl":{"start":{"line":14,"column":4},"end":{"line":14,"column":5}},"loc":{"start":{"line":14,"column":86},"end":{"line":24,"column":5}},"line":14},"1":{"name":"(anonymous_1)","decl":{"start":{"line":25,"column":4},"end":{"line":25,"column":5}},"loc":{"start":{"line":25,"column":14},"end":{"line":27,"column":5}},"line":25},"2":{"name":"(anonymous_2)","decl":{"start":{"line":28,"column":4},"end":{"line":28,"column":5}},"loc":{"start":{"line":28,"column":16},"end":{"line":30,"column":5}},"line":28},"3":{"name":"(anonymous_3)","decl":{"start":{"line":31,"column":4},"end":{"line":31,"column":5}},"loc":{"start":{"line":31,"column":16},"end":{"line":33,"column":5}},"line":31},"4":{"name":"(anonymous_4)","decl":{"start":{"line":34,"column":4},"end":{"line":34,"column":5}},"loc":{"start":{"line":34,"column":16},"end":{"line":36,"column":5}},"line":34},"5":{"name":"(anonymous_5)","decl":{"start":{"line":37,"column":4},"end":{"line":37,"column":5}},"loc":{"start":{"line":37,"column":17},"end":{"line":39,"column":5}},"line":37},"6":{"name":"(anonymous_6)","decl":{"start":{"line":40,"column":4},"end":{"line":40,"column":5}},"loc":{"start":{"line":40,"column":15},"end":{"line":42,"column":5}},"line":40},"7":{"name":"(anonymous_7)","decl":{"start":{"line":43,"column":4},"end":{"line":43,"column":5}},"loc":{"start":{"line":43,"column":15},"end":{"line":45,"column":5}},"line":43},"8":{"name":"(anonymous_8)","decl":{"start":{"line":46,"column":4},"end":{"line":46,"column":5}},"loc":{"start":{"line":46,"column":24},"end":{"line":48,"column":5}},"line":46},"9":{"name":"(anonymous_9)","decl":{"start":{"line":49,"column":4},"end":{"line":49,"column":5}},"loc":{"start":{"line":49,"column":18},"end":{"line":51,"column":5}},"line":49},"10":{"name":"(anonymous_10)","decl":{"start":{"line":52,"column":4},"end":{"line":52,"column":5}},"loc":{"start":{"line":52,"column":22},"end":{"line":54,"column":5}},"line":52},"11":{"name":"(anonymous_11)","decl":{"start":{"line":55,"column":4},"end":{"line":55,"column":5}},"loc":{"start":{"line":55,"column":22},"end":{"line":57,"column":5}},"line":55},"12":{"name":"(anonymous_12)","decl":{"start":{"line":58,"column":4},"end":{"line":58,"column":5}},"loc":{"start":{"line":58,"column":22},"end":{"line":60,"column":5}},"line":58},"13":{"name":"(anonymous_13)","decl":{"start":{"line":61,"column":4},"end":{"line":61,"column":5}},"loc":{"start":{"line":61,"column":24},"end":{"line":63,"column":5}},"line":61},"14":{"name":"(anonymous_14)","decl":{"start":{"line":64,"column":4},"end":{"line":64,"column":5}},"loc":{"start":{"line":64,"column":20},"end":{"line":66,"column":5}},"line":64},"15":{"name":"(anonymous_15)","decl":{"start":{"line":67,"column":4},"end":{"line":67,"column":5}},"loc":{"start":{"line":67,"column":20},"end":{"line":69,"column":5}},"line":67},"16":{"name":"(anonymous_16)","decl":{"start":{"line":70,"column":4},"end":{"line":70,"column":5}},"loc":{"start":{"line":70,"column":39},"end":{"line":72,"column":5}},"line":70}},"branchMap":{},"s":{"0":1,"1":1,"2":1,"3":5,"4":5,"5":5,"6":5,"7":5,"8":5,"9":5,"10":5,"11":5,"12":35,"13":0,"14":0,"15":6,"16":6,"17":1,"18":1,"19":3,"20":0,"21":0,"22":0,"23":0,"24":0,"25":0,"26":0,"27":0,"28":1},"f":{"0":5,"1":35,"2":0,"3":0,"4":6,"5":6,"6":1,"7":1,"8":3,"9":0,"10":0,"11":0,"12":0,"13":0,"14":0,"15":0,"16":0},"b":{},"inputSourceMap":{"version":3,"file":"/home/usuario/prct06-clases-e-interfaces-genericas/src/ejercicio-1/subclass_dragonball.ts","sources":["/home/usuario/prct06-clases-e-interfaces-genericas/src/ejercicio-1/subclass_dragonball.ts"],"names":[],"mappings":";;;AAAA,6DAA6C;AAC7C;;;;;;;GAOG;AACH,MAAa,UAAW,SAAQ,4BAAO;IACrC,YAAsB,IAAY,EAAY,MAAc,EAAY,MAAc,EAC1E,MAAc,EAAY,OAAe,EAAY,KAAa,EAClE,KAAa,EAAY,eAAuB;QAC1D,KAAK,CAAC,IAAI,EAAE,MAAM,EAAE,MAAM,EAAE,MAAM,EAAE,OAAO,EAAE,KAAK,EAAE,KAAK,EAAG,eAAe,CAAC,CAAC;QAHzD,SAAI,GAAJ,IAAI,CAAQ;QAAY,WAAM,GAAN,MAAM,CAAQ;QAAY,WAAM,GAAN,MAAM,CAAQ;QAC1E,WAAM,GAAN,MAAM,CAAQ;QAAY,YAAO,GAAP,OAAO,CAAQ;QAAY,UAAK,GAAL,KAAK,CAAQ;QAClE,UAAK,GAAL,KAAK,CAAQ;QAAY,oBAAe,GAAf,eAAe,CAAQ;IAE5D,CAAC;IAED,OAAO;QACL,OAAO,IAAI,CAAC,IAAI,CAAC;IACnB,CAAC;IAED,SAAS;QACP,OAAO,IAAI,CAAC,MAAM,CAAC;IACrB,CAAC;IAED,SAAS;QACP,OAAO,IAAI,CAAC,MAAM,CAAC;IACrB,CAAC;IAED,SAAS;QACP,OAAO,IAAI,CAAC,MAAM,CAAC;IACrB,CAAC;IAED,UAAU;QACR,OAAO,IAAI,CAAC,OAAO,CAAC;IACtB,CAAC;IAED,QAAQ;QACN,OAAO,IAAI,CAAC,KAAK,CAAC;IACpB,CAAC;IAED,QAAQ;QACN,OAAO,IAAI,CAAC,KAAK,CAAC;IACpB,CAAC;IAED,iBAAiB;QACf,OAAO,IAAI,CAAC,eAAe,CAAC;IAC9B,CAAC;IAED,OAAO,CAAC,IAAY;QAClB,IAAI,CAAC,IAAI,GAAG,IAAI,CAAC;IACnB,CAAC;IAED,SAAS,CAAC,MAAc;QACtB,IAAI,CAAC,MAAM,GAAG,MAAM,CAAC;IACvB,CAAC;IAED,SAAS,CAAC,MAAc;QACtB,IAAI,CAAC,MAAM,GAAG,MAAM,CAAC;IACvB,CAAC;IAED,SAAS,CAAC,MAAc;QACtB,IAAI,CAAC,MAAM,GAAG,MAAM,CAAC;IACvB,CAAC;IAED,UAAU,CAAC,OAAe;QACxB,IAAI,CAAC,OAAO,GAAG,OAAO,CAAC;IACzB,CAAC;IAED,QAAQ,CAAC,KAAa;QACpB,IAAI,CAAC,KAAK,GAAG,KAAK,CAAC;IACrB,CAAC;IAED,QAAQ,CAAC,KAAa;QACpB,IAAI,CAAC,KAAK,GAAG,KAAK,CAAC;IACrB,CAAC;IAED,iBAAiB,CAAC,eAAuB;QACvC,IAAI,CAAC,eAAe,GAAG,eAAe,CAAC;IACzC,CAAC;CACF;AAtED,gCAsEC","sourcesContent":["import {Fighter} from \"./superclass_fighter\";\n/**\n * subclase DragonBall de la superclase Fighter.\n * \n * Se define 8 atributos: dos tipo string, name y catching_phrase; y 6 de tipo number\n * height, weight, attack, defense, speed y healt. Cada atributo se autodefinen.\n * \n * Se tienen 16 métodos, 6 métodos getters y 6 métodos setters.\n */\nexport class DragonBall extends Fighter {\n  constructor(protected name: string, protected height: number, protected weight: number,\n    protected attack: number, protected defense: number, protected speed: number,\n    protected healt: number, protected catching_phrase: string){\n    super(name, height, weight, attack, defense, speed, healt,  catching_phrase);\n  }\n\n  getName(): string {\n    return this.name;\n  }\n\n  getHeight(): number {\n    return this.height;\n  }\n\n  getWeight(): number {\n    return this.weight;\n  }\n\n  getAttack(): number {\n    return this.attack;\n  }\n\n  getDefense(): number {\n    return this.defense;\n  }\n\n  getSpeed(): number {\n    return this.speed;\n  }\n\n  getHealt(): number {\n    return this.healt;\n  }\n\n  getCatchingPhrase(): string {\n    return this.catching_phrase;\n  }\n\n  setName(name: string) {\n    this.name = name;\n  }\n\n  setHeight(height: number) {\n    this.height = height;\n  }\n\n  setWeight(weight: number) {\n    this.weight = weight;\n  }\n\n  setAttack(attack: number) {\n    this.attack = attack;\n  }\n\n  setDefense(defense: number) {\n    this.defense = defense;\n  }\n\n  setSpeed(speed: number) {\n    this.speed = speed;\n  }\n\n  setHealt(healt: number) {\n    this.healt = healt;\n  }\n\n  setCatchingPhrase(catching_phrase: string) {\n    this.catching_phrase = catching_phrase;\n  }\n}"]},"_coverageSchema":"1a1c01bbd47fc00a2c39e90264f33305004495a9","hash":"1cafee0b1e85ed11008b9f27d34ad1a4bd392c4e","contentHash":"e7504153ab797e64700af8fea99cf9a08e916830d89c714ab9c59d4d07f8bf57"},"/home/usuario/prct06-clases-e-interfaces-genericas/src/ejercicio-1/subclass_marvel.ts":{"path":"/home/usuario/prct06-clases-e-interfaces-genericas/src/ejercicio-1/subclass_marvel.ts","statementMap":{"0":{"start":{"line":2,"column":0},"end":{"line":2,"column":62}},"1":{"start":{"line":3,"column":0},"end":{"line":3,"column":24}},"2":{"start":{"line":4,"column":29},"end":{"line":4,"column":60}},"3":{"start":{"line":15,"column":8},"end":{"line":15,"column":84}},"4":{"start":{"line":16,"column":8},"end":{"line":16,"column":25}},"5":{"start":{"line":17,"column":8},"end":{"line":17,"column":29}},"6":{"start":{"line":18,"column":8},"end":{"line":18,"column":29}},"7":{"start":{"line":19,"column":8},"end":{"line":19,"column":29}},"8":{"start":{"line":20,"column":8},"end":{"line":20,"column":31}},"9":{"start":{"line":21,"column":8},"end":{"line":21,"column":27}},"10":{"start":{"line":22,"column":8},"end":{"line":22,"column":27}},"11":{"start":{"line":23,"column":8},"end":{"line":23,"column":47}},"12":{"start":{"line":26,"column":8},"end":{"line":26,"column":25}},"13":{"start":{"line":29,"column":8},"end":{"line":29,"column":27}},"14":{"start":{"line":32,"column":8},"end":{"line":32,"column":27}},"15":{"start":{"line":35,"column":8},"end":{"line":35,"column":27}},"16":{"start":{"line":38,"column":8},"end":{"line":38,"column":28}},"17":{"start":{"line":41,"column":8},"end":{"line":41,"column":26}},"18":{"start":{"line":44,"column":8},"end":{"line":44,"column":26}},"19":{"start":{"line":47,"column":8},"end":{"line":47,"column":36}},"20":{"start":{"line":50,"column":8},"end":{"line":50,"column":25}},"21":{"start":{"line":53,"column":8},"end":{"line":53,"column":29}},"22":{"start":{"line":56,"column":8},"end":{"line":56,"column":29}},"23":{"start":{"line":59,"column":8},"end":{"line":59,"column":29}},"24":{"start":{"line":62,"column":8},"end":{"line":62,"column":31}},"25":{"start":{"line":65,"column":8},"end":{"line":65,"column":27}},"26":{"start":{"line":68,"column":8},"end":{"line":68,"column":27}},"27":{"start":{"line":71,"column":8},"end":{"line":71,"column":47}},"28":{"start":{"line":74,"column":0},"end":{"line":74,"column":24}}},"fnMap":{"0":{"name":"(anonymous_0)","decl":{"start":{"line":14,"column":4},"end":{"line":14,"column":5}},"loc":{"start":{"line":14,"column":86},"end":{"line":24,"column":5}},"line":14},"1":{"name":"(anonymous_1)","decl":{"start":{"line":25,"column":4},"end":{"line":25,"column":5}},"loc":{"start":{"line":25,"column":14},"end":{"line":27,"column":5}},"line":25},"2":{"name":"(anonymous_2)","decl":{"start":{"line":28,"column":4},"end":{"line":28,"column":5}},"loc":{"start":{"line":28,"column":16},"end":{"line":30,"column":5}},"line":28},"3":{"name":"(anonymous_3)","decl":{"start":{"line":31,"column":4},"end":{"line":31,"column":5}},"loc":{"start":{"line":31,"column":16},"end":{"line":33,"column":5}},"line":31},"4":{"name":"(anonymous_4)","decl":{"start":{"line":34,"column":4},"end":{"line":34,"column":5}},"loc":{"start":{"line":34,"column":16},"end":{"line":36,"column":5}},"line":34},"5":{"name":"(anonymous_5)","decl":{"start":{"line":37,"column":4},"end":{"line":37,"column":5}},"loc":{"start":{"line":37,"column":17},"end":{"line":39,"column":5}},"line":37},"6":{"name":"(anonymous_6)","decl":{"start":{"line":40,"column":4},"end":{"line":40,"column":5}},"loc":{"start":{"line":40,"column":15},"end":{"line":42,"column":5}},"line":40},"7":{"name":"(anonymous_7)","decl":{"start":{"line":43,"column":4},"end":{"line":43,"column":5}},"loc":{"start":{"line":43,"column":15},"end":{"line":45,"column":5}},"line":43},"8":{"name":"(anonymous_8)","decl":{"start":{"line":46,"column":4},"end":{"line":46,"column":5}},"loc":{"start":{"line":46,"column":24},"end":{"line":48,"column":5}},"line":46},"9":{"name":"(anonymous_9)","decl":{"start":{"line":49,"column":4},"end":{"line":49,"column":5}},"loc":{"start":{"line":49,"column":18},"end":{"line":51,"column":5}},"line":49},"10":{"name":"(anonymous_10)","decl":{"start":{"line":52,"column":4},"end":{"line":52,"column":5}},"loc":{"start":{"line":52,"column":22},"end":{"line":54,"column":5}},"line":52},"11":{"name":"(anonymous_11)","decl":{"start":{"line":55,"column":4},"end":{"line":55,"column":5}},"loc":{"start":{"line":55,"column":22},"end":{"line":57,"column":5}},"line":55},"12":{"name":"(anonymous_12)","decl":{"start":{"line":58,"column":4},"end":{"line":58,"column":5}},"loc":{"start":{"line":58,"column":22},"end":{"line":60,"column":5}},"line":58},"13":{"name":"(anonymous_13)","decl":{"start":{"line":61,"column":4},"end":{"line":61,"column":5}},"loc":{"start":{"line":61,"column":24},"end":{"line":63,"column":5}},"line":61},"14":{"name":"(anonymous_14)","decl":{"start":{"line":64,"column":4},"end":{"line":64,"column":5}},"loc":{"start":{"line":64,"column":20},"end":{"line":66,"column":5}},"line":64},"15":{"name":"(anonymous_15)","decl":{"start":{"line":67,"column":4},"end":{"line":67,"column":5}},"loc":{"start":{"line":67,"column":20},"end":{"line":69,"column":5}},"line":67},"16":{"name":"(anonymous_16)","decl":{"start":{"line":70,"column":4},"end":{"line":70,"column":5}},"loc":{"start":{"line":70,"column":39},"end":{"line":72,"column":5}},"line":70}},"branchMap":{},"s":{"0":1,"1":1,"2":1,"3":6,"4":6,"5":6,"6":6,"7":6,"8":6,"9":6,"10":6,"11":6,"12":106,"13":0,"14":0,"15":86,"16":84,"17":4,"18":4,"19":43,"20":0,"21":0,"22":0,"23":0,"24":0,"25":0,"26":0,"27":0,"28":1},"f":{"0":6,"1":106,"2":0,"3":0,"4":86,"5":84,"6":4,"7":4,"8":43,"9":0,"10":0,"11":0,"12":0,"13":0,"14":0,"15":0,"16":0},"b":{},"inputSourceMap":{"version":3,"file":"/home/usuario/prct06-clases-e-interfaces-genericas/src/ejercicio-1/subclass_marvel.ts","sources":["/home/usuario/prct06-clases-e-interfaces-genericas/src/ejercicio-1/subclass_marvel.ts"],"names":[],"mappings":";;;AAAA,6DAA6C;AAC7C;;;;;;;GAOG;AACH,MAAa,MAAO,SAAQ,4BAAO;IACjC,YAAsB,IAAY,EAAY,MAAc,EAAY,MAAc,EAC1E,MAAc,EAAY,OAAe,EAAY,KAAa,EAClE,KAAY,EAAY,eAAuB;QACzD,KAAK,CAAC,IAAI,EAAE,MAAM,EAAE,MAAM,EAAE,MAAM,EAAE,OAAO,EAAE,KAAK,EAAE,KAAK,EAAE,eAAe,CAAC,CAAC;QAHxD,SAAI,GAAJ,IAAI,CAAQ;QAAY,WAAM,GAAN,MAAM,CAAQ;QAAY,WAAM,GAAN,MAAM,CAAQ;QAC1E,WAAM,GAAN,MAAM,CAAQ;QAAY,YAAO,GAAP,OAAO,CAAQ;QAAY,UAAK,GAAL,KAAK,CAAQ;QAClE,UAAK,GAAL,KAAK,CAAO;QAAY,oBAAe,GAAf,eAAe,CAAQ;IAE3D,CAAC;IAED,OAAO;QACL,OAAO,IAAI,CAAC,IAAI,CAAC;IACnB,CAAC;IAED,SAAS;QACP,OAAO,IAAI,CAAC,MAAM,CAAC;IACrB,CAAC;IAED,SAAS;QACP,OAAO,IAAI,CAAC,MAAM,CAAC;IACrB,CAAC;IAED,SAAS;QACP,OAAO,IAAI,CAAC,MAAM,CAAC;IACrB,CAAC;IAED,UAAU;QACR,OAAO,IAAI,CAAC,OAAO,CAAC;IACtB,CAAC;IAED,QAAQ;QACN,OAAO,IAAI,CAAC,KAAK,CAAC;IACpB,CAAC;IAED,QAAQ;QACN,OAAO,IAAI,CAAC,KAAK,CAAC;IACpB,CAAC;IAED,iBAAiB;QACf,OAAO,IAAI,CAAC,eAAe,CAAC;IAC9B,CAAC;IAED,OAAO,CAAC,IAAY;QAClB,IAAI,CAAC,IAAI,GAAG,IAAI,CAAC;IACnB,CAAC;IAED,SAAS,CAAC,MAAc;QACtB,IAAI,CAAC,MAAM,GAAG,MAAM,CAAC;IACvB,CAAC;IAED,SAAS,CAAC,MAAc;QACtB,IAAI,CAAC,MAAM,GAAG,MAAM,CAAC;IACvB,CAAC;IAED,SAAS,CAAC,MAAc;QACtB,IAAI,CAAC,MAAM,GAAG,MAAM,CAAC;IACvB,CAAC;IAED,UAAU,CAAC,OAAe;QACxB,IAAI,CAAC,OAAO,GAAG,OAAO,CAAC;IACzB,CAAC;IAED,QAAQ,CAAC,KAAa;QACpB,IAAI,CAAC,KAAK,GAAG,KAAK,CAAC;IACrB,CAAC;IAED,QAAQ,CAAC,KAAa;QACpB,IAAI,CAAC,KAAK,GAAG,KAAK,CAAC;IACrB,CAAC;IAED,iBAAiB,CAAC,eAAuB;QACvC,IAAI,CAAC,eAAe,GAAG,eAAe,CAAC;IACzC,CAAC;CACF;AAtED,wBAsEC","sourcesContent":["import {Fighter} from \"./superclass_fighter\";\n/**\n * subclase Marvel de la superclase Fighter.\n * \n * Se define 8 atributos: dos tipo string, name y catching_phrase; y 6 de tipo number\n * height, weight, attack, defense, speed y healt. Cada atributo se autodefinen.\n * \n * Se tienen 16 métodos, 6 métodos getters y 6 métodos setters.\n */\nexport class Marvel extends Fighter {\n  constructor(protected name: string, protected height: number, protected weight: number,\n    protected attack: number, protected defense: number, protected speed: number,\n    protected healt:number, protected catching_phrase: string){\n    super(name, height, weight, attack, defense, speed, healt, catching_phrase);\n  }\n\n  getName(): string {\n    return this.name;\n  }\n\n  getHeight(): number {\n    return this.height;\n  }\n\n  getWeight(): number {\n    return this.weight;\n  }\n\n  getAttack(): number {\n    return this.attack;\n  }\n\n  getDefense(): number {\n    return this.defense;\n  }\n\n  getSpeed(): number {\n    return this.speed;\n  }\n\n  getHealt(): number {\n    return this.healt;\n  }\n\n  getCatchingPhrase(): string {\n    return this.catching_phrase;\n  }\n\n  setName(name: string) {\n    this.name = name;\n  }\n\n  setHeight(height: number) {\n    this.height = height;\n  }\n\n  setWeight(weight: number) {\n    this.weight = weight;\n  }\n\n  setAttack(attack: number) {\n    this.attack = attack;\n  }\n\n  setDefense(defense: number) {\n    this.defense = defense;\n  }\n\n  setSpeed(speed: number) {\n    this.speed = speed;\n  }\n\n  setHealt(healt: number) {\n    this.healt = healt;\n  }\n\n  setCatchingPhrase(catching_phrase: string) {\n    this.catching_phrase = catching_phrase;\n  }\n}"]},"_coverageSchema":"1a1c01bbd47fc00a2c39e90264f33305004495a9","hash":"a09accb958166bd991828270a7cd1ca0d18a7dce","contentHash":"0903b8a48c381fc2b4987505f57145ceed986dbb64c82174896eebd3690a57c4"},"/home/usuario/prct06-clases-e-interfaces-genericas/src/ejercicio-1/subclass_pokemon.ts":{"path":"/home/usuario/prct06-clases-e-interfaces-genericas/src/ejercicio-1/subclass_pokemon.ts","statementMap":{"0":{"start":{"line":2,"column":0},"end":{"line":2,"column":62}},"1":{"start":{"line":3,"column":0},"end":{"line":3,"column":25}},"2":{"start":{"line":4,"column":29},"end":{"line":4,"column":60}},"3":{"start":{"line":15,"column":8},"end":{"line":15,"column":84}},"4":{"start":{"line":16,"column":8},"end":{"line":16,"column":25}},"5":{"start":{"line":17,"column":8},"end":{"line":17,"column":29}},"6":{"start":{"line":18,"column":8},"end":{"line":18,"column":29}},"7":{"start":{"line":19,"column":8},"end":{"line":19,"column":29}},"8":{"start":{"line":20,"column":8},"end":{"line":20,"column":31}},"9":{"start":{"line":21,"column":8},"end":{"line":21,"column":27}},"10":{"start":{"line":22,"column":8},"end":{"line":22,"column":27}},"11":{"start":{"line":23,"column":8},"end":{"line":23,"column":47}},"12":{"start":{"line":26,"column":8},"end":{"line":26,"column":25}},"13":{"start":{"line":29,"column":8},"end":{"line":29,"column":27}},"14":{"start":{"line":32,"column":8},"end":{"line":32,"column":27}},"15":{"start":{"line":35,"column":8},"end":{"line":35,"column":27}},"16":{"start":{"line":38,"column":8},"end":{"line":38,"column":28}},"17":{"start":{"line":41,"column":8},"end":{"line":41,"column":26}},"18":{"start":{"line":44,"column":8},"end":{"line":44,"column":26}},"19":{"start":{"line":47,"column":8},"end":{"line":47,"column":36}},"20":{"start":{"line":50,"column":8},"end":{"line":50,"column":25}},"21":{"start":{"line":53,"column":8},"end":{"line":53,"column":29}},"22":{"start":{"line":56,"column":8},"end":{"line":56,"column":29}},"23":{"start":{"line":59,"column":8},"end":{"line":59,"column":29}},"24":{"start":{"line":62,"column":8},"end":{"line":62,"column":31}},"25":{"start":{"line":65,"column":8},"end":{"line":65,"column":27}},"26":{"start":{"line":68,"column":8},"end":{"line":68,"column":27}},"27":{"start":{"line":71,"column":8},"end":{"line":71,"column":47}},"28":{"start":{"line":74,"column":0},"end":{"line":74,"column":26}}},"fnMap":{"0":{"name":"(anonymous_0)","decl":{"start":{"line":14,"column":4},"end":{"line":14,"column":5}},"loc":{"start":{"line":14,"column":86},"end":{"line":24,"column":5}},"line":14},"1":{"name":"(anonymous_1)","decl":{"start":{"line":25,"column":4},"end":{"line":25,"column":5}},"loc":{"start":{"line":25,"column":14},"end":{"line":27,"column":5}},"line":25},"2":{"name":"(anonymous_2)","decl":{"start":{"line":28,"column":4},"end":{"line":28,"column":5}},"loc":{"start":{"line":28,"column":16},"end":{"line":30,"column":5}},"line":28},"3":{"name":"(anonymous_3)","decl":{"start":{"line":31,"column":4},"end":{"line":31,"column":5}},"loc":{"start":{"line":31,"column":16},"end":{"line":33,"column":5}},"line":31},"4":{"name":"(anonymous_4)","decl":{"start":{"line":34,"column":4},"end":{"line":34,"column":5}},"loc":{"start":{"line":34,"column":16},"end":{"line":36,"column":5}},"line":34},"5":{"name":"(anonymous_5)","decl":{"start":{"line":37,"column":4},"end":{"line":37,"column":5}},"loc":{"start":{"line":37,"column":17},"end":{"line":39,"column":5}},"line":37},"6":{"name":"(anonymous_6)","decl":{"start":{"line":40,"column":4},"end":{"line":40,"column":5}},"loc":{"start":{"line":40,"column":15},"end":{"line":42,"column":5}},"line":40},"7":{"name":"(anonymous_7)","decl":{"start":{"line":43,"column":4},"end":{"line":43,"column":5}},"loc":{"start":{"line":43,"column":15},"end":{"line":45,"column":5}},"line":43},"8":{"name":"(anonymous_8)","decl":{"start":{"line":46,"column":4},"end":{"line":46,"column":5}},"loc":{"start":{"line":46,"column":24},"end":{"line":48,"column":5}},"line":46},"9":{"name":"(anonymous_9)","decl":{"start":{"line":49,"column":4},"end":{"line":49,"column":5}},"loc":{"start":{"line":49,"column":18},"end":{"line":51,"column":5}},"line":49},"10":{"name":"(anonymous_10)","decl":{"start":{"line":52,"column":4},"end":{"line":52,"column":5}},"loc":{"start":{"line":52,"column":22},"end":{"line":54,"column":5}},"line":52},"11":{"name":"(anonymous_11)","decl":{"start":{"line":55,"column":4},"end":{"line":55,"column":5}},"loc":{"start":{"line":55,"column":22},"end":{"line":57,"column":5}},"line":55},"12":{"name":"(anonymous_12)","decl":{"start":{"line":58,"column":4},"end":{"line":58,"column":5}},"loc":{"start":{"line":58,"column":22},"end":{"line":60,"column":5}},"line":58},"13":{"name":"(anonymous_13)","decl":{"start":{"line":61,"column":4},"end":{"line":61,"column":5}},"loc":{"start":{"line":61,"column":24},"end":{"line":63,"column":5}},"line":61},"14":{"name":"(anonymous_14)","decl":{"start":{"line":64,"column":4},"end":{"line":64,"column":5}},"loc":{"start":{"line":64,"column":20},"end":{"line":66,"column":5}},"line":64},"15":{"name":"(anonymous_15)","decl":{"start":{"line":67,"column":4},"end":{"line":67,"column":5}},"loc":{"start":{"line":67,"column":20},"end":{"line":69,"column":5}},"line":67},"16":{"name":"(anonymous_16)","decl":{"start":{"line":70,"column":4},"end":{"line":70,"column":5}},"loc":{"start":{"line":70,"column":39},"end":{"line":72,"column":5}},"line":70}},"branchMap":{},"s":{"0":1,"1":1,"2":1,"3":5,"4":5,"5":5,"6":5,"7":5,"8":5,"9":5,"10":5,"11":5,"12":74,"13":0,"14":0,"15":48,"16":50,"17":3,"18":3,"19":24,"20":0,"21":0,"22":0,"23":0,"24":0,"25":0,"26":0,"27":0,"28":1},"f":{"0":5,"1":74,"2":0,"3":0,"4":48,"5":50,"6":3,"7":3,"8":24,"9":0,"10":0,"11":0,"12":0,"13":0,"14":0,"15":0,"16":0},"b":{},"inputSourceMap":{"version":3,"file":"/home/usuario/prct06-clases-e-interfaces-genericas/src/ejercicio-1/subclass_pokemon.ts","sources":["/home/usuario/prct06-clases-e-interfaces-genericas/src/ejercicio-1/subclass_pokemon.ts"],"names":[],"mappings":";;;AAAA,6DAA6C;AAC7C;;;;;;;GAOG;AACH,MAAa,OAAQ,SAAQ,4BAAO;IAClC,YAAsB,IAAY,EAAY,MAAc,EAAY,MAAc,EAC1E,MAAc,EAAY,OAAe,EAAY,KAAa,EAClE,KAAa,EAAY,eAAuB;QAC1D,KAAK,CAAC,IAAI,EAAE,MAAM,EAAE,MAAM,EAAE,MAAM,EAAE,OAAO,EAAE,KAAK,EAAE,KAAK,EAAE,eAAe,CAAC,CAAC;QAHxD,SAAI,GAAJ,IAAI,CAAQ;QAAY,WAAM,GAAN,MAAM,CAAQ;QAAY,WAAM,GAAN,MAAM,CAAQ;QAC1E,WAAM,GAAN,MAAM,CAAQ;QAAY,YAAO,GAAP,OAAO,CAAQ;QAAY,UAAK,GAAL,KAAK,CAAQ;QAClE,UAAK,GAAL,KAAK,CAAQ;QAAY,oBAAe,GAAf,eAAe,CAAQ;IAE5D,CAAC;IAED,OAAO;QACL,OAAO,IAAI,CAAC,IAAI,CAAC;IACnB,CAAC;IAED,SAAS;QACP,OAAO,IAAI,CAAC,MAAM,CAAC;IACrB,CAAC;IAED,SAAS;QACP,OAAO,IAAI,CAAC,MAAM,CAAC;IACrB,CAAC;IAED,SAAS;QACP,OAAO,IAAI,CAAC,MAAM,CAAC;IACrB,CAAC;IAED,UAAU;QACR,OAAO,IAAI,CAAC,OAAO,CAAC;IACtB,CAAC;IAED,QAAQ;QACN,OAAO,IAAI,CAAC,KAAK,CAAC;IACpB,CAAC;IAED,QAAQ;QACN,OAAO,IAAI,CAAC,KAAK,CAAC;IACpB,CAAC;IAED,iBAAiB;QACf,OAAO,IAAI,CAAC,eAAe,CAAC;IAC9B,CAAC;IAED,OAAO,CAAC,IAAY;QAClB,IAAI,CAAC,IAAI,GAAG,IAAI,CAAC;IACnB,CAAC;IAED,SAAS,CAAC,MAAc;QACtB,IAAI,CAAC,MAAM,GAAG,MAAM,CAAC;IACvB,CAAC;IAED,SAAS,CAAC,MAAc;QACtB,IAAI,CAAC,MAAM,GAAG,MAAM,CAAC;IACvB,CAAC;IAED,SAAS,CAAC,MAAc;QACtB,IAAI,CAAC,MAAM,GAAG,MAAM,CAAC;IACvB,CAAC;IAED,UAAU,CAAC,OAAe;QACxB,IAAI,CAAC,OAAO,GAAG,OAAO,CAAC;IACzB,CAAC;IAED,QAAQ,CAAC,KAAa;QACpB,IAAI,CAAC,KAAK,GAAG,KAAK,CAAC;IACrB,CAAC;IAED,QAAQ,CAAC,KAAa;QACpB,IAAI,CAAC,KAAK,GAAG,KAAK,CAAC;IACrB,CAAC;IAED,iBAAiB,CAAC,eAAuB;QACvC,IAAI,CAAC,eAAe,GAAG,eAAe,CAAC;IACzC,CAAC;CACF;AAtED,0BAsEC","sourcesContent":["import {Fighter} from \"./superclass_fighter\";\n/**\n * subclase Pokemon de la superclase Fighter.\n * \n * Se define 8 atributos: dos tipo string, name y catching_phrase; y 6 de tipo number\n * height, weight, attack, defense, speed y healt. Cada atributo se autodefinen.\n * \n * Se tienen 16 métodos, 6 métodos getters y 6 métodos setters.\n */\nexport class Pokemon extends Fighter {\n  constructor(protected name: string, protected height: number, protected weight: number,\n    protected attack: number, protected defense: number, protected speed: number,\n    protected healt: number, protected catching_phrase: string){\n    super(name, height, weight, attack, defense, speed, healt, catching_phrase);\n  }\n  \n  getName(): string {\n    return this.name;\n  }\n\n  getHeight(): number {\n    return this.height;\n  }\n\n  getWeight(): number {\n    return this.weight;\n  }\n\n  getAttack(): number {\n    return this.attack;\n  }\n\n  getDefense(): number {\n    return this.defense;\n  }\n\n  getSpeed(): number {\n    return this.speed;\n  }\n\n  getHealt(): number {\n    return this.healt;\n  }\n\n  getCatchingPhrase(): string {\n    return this.catching_phrase;\n  }\n\n  setName(name: string) {\n    this.name = name;\n  }\n\n  setHeight(height: number) {\n    this.height = height;\n  }\n\n  setWeight(weight: number) {\n    this.weight = weight;\n  }\n\n  setAttack(attack: number) {\n    this.attack = attack;\n  }\n\n  setDefense(defense: number) {\n    this.defense = defense;\n  }\n\n  setSpeed(speed: number) {\n    this.speed = speed;\n  }\n\n  setHealt(healt: number) {\n    this.healt = healt;\n  }\n\n  setCatchingPhrase(catching_phrase: string) {\n    this.catching_phrase = catching_phrase;\n  }\n}"]},"_coverageSchema":"1a1c01bbd47fc00a2c39e90264f33305004495a9","hash":"bf98db883a78c019236d4ed95e09856cfeb8e279","contentHash":"c24d52a49a8a4fbd1c8fef3414333a14dba3fc02f1ee8f9257ccb7a81ded613f"},"/home/usuario/prct06-clases-e-interfaces-genericas/src/ejercicio-1/subclass_starwars.ts":{"path":"/home/usuario/prct06-clases-e-interfaces-genericas/src/ejercicio-1/subclass_starwars.ts","statementMap":{"0":{"start":{"line":2,"column":0},"end":{"line":2,"column":62}},"1":{"start":{"line":3,"column":0},"end":{"line":3,"column":26}},"2":{"start":{"line":4,"column":29},"end":{"line":4,"column":60}},"3":{"start":{"line":15,"column":8},"end":{"line":15,"column":84}},"4":{"start":{"line":16,"column":8},"end":{"line":16,"column":25}},"5":{"start":{"line":17,"column":8},"end":{"line":17,"column":29}},"6":{"start":{"line":18,"column":8},"end":{"line":18,"column":29}},"7":{"start":{"line":19,"column":8},"end":{"line":19,"column":29}},"8":{"start":{"line":20,"column":8},"end":{"line":20,"column":31}},"9":{"start":{"line":21,"column":8},"end":{"line":21,"column":27}},"10":{"start":{"line":22,"column":8},"end":{"line":22,"column":27}},"11":{"start":{"line":23,"column":8},"end":{"line":23,"column":47}},"12":{"start":{"line":26,"column":8},"end":{"line":26,"column":25}},"13":{"start":{"line":29,"column":8},"end":{"line":29,"column":27}},"14":{"start":{"line":32,"column":8},"end":{"line":32,"column":27}},"15":{"start":{"line":35,"column":8},"end":{"line":35,"column":27}},"16":{"start":{"line":38,"column":8},"end":{"line":38,"column":28}},"17":{"start":{"line":41,"column":8},"end":{"line":41,"column":26}},"18":{"start":{"line":44,"column":8},"end":{"line":44,"column":26}},"19":{"start":{"line":47,"column":8},"end":{"line":47,"column":36}},"20":{"start":{"line":50,"column":8},"end":{"line":50,"column":25}},"21":{"start":{"line":53,"column":8},"end":{"line":53,"column":29}},"22":{"start":{"line":56,"column":8},"end":{"line":56,"column":29}},"23":{"start":{"line":59,"column":8},"end":{"line":59,"column":29}},"24":{"start":{"line":62,"column":8},"end":{"line":62,"column":31}},"25":{"start":{"line":65,"column":8},"end":{"line":65,"column":27}},"26":{"start":{"line":68,"column":8},"end":{"line":68,"column":27}},"27":{"start":{"line":71,"column":8},"end":{"line":71,"column":47}},"28":{"start":{"line":74,"column":0},"end":{"line":74,"column":28}}},"fnMap":{"0":{"name":"(anonymous_0)","decl":{"start":{"line":14,"column":4},"end":{"line":14,"column":5}},"loc":{"start":{"line":14,"column":86},"end":{"line":24,"column":5}},"line":14},"1":{"name":"(anonymous_1)","decl":{"start":{"line":25,"column":4},"end":{"line":25,"column":5}},"loc":{"start":{"line":25,"column":14},"end":{"line":27,"column":5}},"line":25},"2":{"name":"(anonymous_2)","decl":{"start":{"line":28,"column":4},"end":{"line":28,"column":5}},"loc":{"start":{"line":28,"column":16},"end":{"line":30,"column":5}},"line":28},"3":{"name":"(anonymous_3)","decl":{"start":{"line":31,"column":4},"end":{"line":31,"column":5}},"loc":{"start":{"line":31,"column":16},"end":{"line":33,"column":5}},"line":31},"4":{"name":"(anonymous_4)","decl":{"start":{"line":34,"column":4},"end":{"line":34,"column":5}},"loc":{"start":{"line":34,"column":16},"end":{"line":36,"column":5}},"line":34},"5":{"name":"(anonymous_5)","decl":{"start":{"line":37,"column":4},"end":{"line":37,"column":5}},"loc":{"start":{"line":37,"column":17},"end":{"line":39,"column":5}},"line":37},"6":{"name":"(anonymous_6)","decl":{"start":{"line":40,"column":4},"end":{"line":40,"column":5}},"loc":{"start":{"line":40,"column":15},"end":{"line":42,"column":5}},"line":40},"7":{"name":"(anonymous_7)","decl":{"start":{"line":43,"column":4},"end":{"line":43,"column":5}},"loc":{"start":{"line":43,"column":15},"end":{"line":45,"column":5}},"line":43},"8":{"name":"(anonymous_8)","decl":{"start":{"line":46,"column":4},"end":{"line":46,"column":5}},"loc":{"start":{"line":46,"column":24},"end":{"line":48,"column":5}},"line":46},"9":{"name":"(a
[...]
:{"start":{"line":95,"column":38},"end":{"line":98,"column":5}},"line":95}},"branchMap":{"0":{"loc":{"start":{"line":27,"column":12},"end":{"line":29,"column":13}},"type":"if","locations":[{"start":{"line":27,"column":12},"end":{"line":29,"column":13}},{"start":{"line":27,"column":12},"end":{"line":29,"column":13}}],"line":27},"1":{"loc":{"start":{"line":43,"column":12},"end":{"line":45,"column":13}},"type":"if","locations":[{"start":{"line":43,"column":12},"end":{"line":45,"column":13}},{"start":{"line":43,"column":12},"end":{"line":45,"column":13}}],"line":43},"2":{"loc":{"start":{"line":59,"column":12},"end":{"line":61,"column":13}},"type":"if","locations":[{"start":{"line":59,"column":12},"end":{"line":61,"column":13}},{"start":{"line":59,"column":12},"end":{"line":61,"column":13}}],"line":59},"3":{"loc":{"start":{"line":75,"column":12},"end":{"line":77,"column":13}},"type":"if","locations":[{"start":{"line":75,"column":12},"end":{"line":77,"column":13}},{"start":{"line":75,"column":12},"end":{"line":77,"column":13}}],"line":75}},"s":{"0":1,"1":1,"2":1,"3":7,"4":7,"5":2,"6":2,"7":8,"8":8,"9":2,"10":2,"11":2,"12":2,"13":2,"14":8,"15":8,"16":2,"17":2,"18":2,"19":2,"20":2,"21":8,"22":8,"23":2,"24":2,"25":2,"26":2,"27":2,"28":8,"29":8,"30":2,"31":2,"32":2,"33":1,"34":1,"35":9,"36":9,"37":1},"f":{"0":7,"1":2,"2":8,"3":2,"4":8,"5":2,"6":8,"7":2,"8":8,"9":1,"10":9},"b":{"0":[2,6],"1":[2,6],"2":[2,6],"3":[2,6]},"inputSourceMap":{"version":3,"file":"/home/usuario/prct06-clases-e-interfaces-genericas/src/ejercicio-3/subclass_collectionMovie.ts","sources":["/home/usuario/prct06-clases-e-interfaces-genericas/src/ejercicio-3/subclass_collectionMovie.ts"],"names":[],"mappings":";;;AAAA,uFAA4E;AAG5E;;;;;;;GAOG;AACH,MAAa,eAAiC,SAAQ,2DAA4B;IAChF,YAAmB,UAAe;QAChC,KAAK,CAAC,UAAU,CAAC,CAAC;QADD,eAAU,GAAV,UAAU,CAAK;IAElC,CAAC;IAED;;;;OAIG;IACH,WAAW,CAAC,MAAc;QACxB,IAAI,QAAQ,GAAQ,EAAE,CAAC;QACvB,IAAI,CAAC,UAAU,CAAC,OAAO,CAAC,CAAC,KAAK,EAAE,EAAE;YAChC,IAAI,KAAK,GAAW,KAAK,CAAC,QAAQ,EAAE,CAAC;YACrC,IAAI,KAAK,CAAC,MAAM,CAAC,MAAM,CAAC,IAAI,CAAC,CAAC,EAAE;gBAC9B,QAAQ,CAAC,IAAI,CAAC,KAAK,CAAC,CAAA;aACrB;QACH,CAAC,CAAC,CAAC;QACH,IAAI,CAAC,qBAAqB,CAAC,QAAQ,CAAC,CAAC;QACrC,OAAO,QAAQ,CAAC,CAAC,CAAC,CAAC,QAAQ,EAAE,CAAC;IAChC,CAAC;IAED;;;;OAIG;IACH,cAAc,CAAC,MAAc;QAC3B,IAAI,QAAQ,GAAQ,EAAE,CAAC;QACvB,IAAI,CAAC,UAAU,CAAC,OAAO,CAAC,CAAC,KAAK,EAAE,EAAE;YAChC,IAAI,QAAQ,GAAW,KAAK,CAAC,WAAW,EAAE,CAAC;YAC3C,IAAI,QAAQ,CAAC,MAAM,CAAC,MAAM,CAAC,IAAI,CAAC,CAAC,EAAE;gBACjC,QAAQ,CAAC,IAAI,CAAC,KAAK,CAAC,CAAA;aACrB;QACH,CAAC,CAAC,CAAC;QACH,IAAI,CAAC,qBAAqB,CAAC,QAAQ,CAAC,CAAC;QACrC,OAAO,QAAQ,CAAC,CAAC,CAAC,CAAC,WAAW,EAAE,CAAC;IACnC,CAAC;IAED;;;;OAIG;IACH,WAAW,CAAC,MAAc;QACxB,IAAI,QAAQ,GAAQ,EAAE,CAAC;QACvB,IAAI,CAAC,UAAU,CAAC,OAAO,CAAC,CAAC,KAAK,EAAE,EAAE;YAChC,IAAI,KAAK,GAAW,KAAK,CAAC,QAAQ,EAAE,CAAC;YACrC,IAAI,KAAK,CAAC,MAAM,CAAC,MAAM,CAAC,IAAI,CAAC,CAAC,EAAE;gBAC9B,QAAQ,CAAC,IAAI,CAAC,KAAK,CAAC,CAAA;aACrB;QACH,CAAC,CAAC,CAAC;QACH,IAAI,CAAC,qBAAqB,CAAC,QAAQ,CAAC,CAAC;QACrC,OAAO,QAAQ,CAAC,CAAC,CAAC,CAAC,QAAQ,EAAE,CAAC;IAChC,CAAC;IAED;;;;OAIG;IACH,UAAU,CAAC,MAAc;QACvB,IAAI,QAAQ,GAAQ,EAAE,CAAC;QACvB,IAAI,CAAC,UAAU,CAAC,OAAO,CAAC,CAAC,KAAK,EAAE,EAAE;YAChC,IAAI,IAAI,GAAW,KAAK,CAAC,OAAO,EAAE,CAAC;YACnC,IAAI,MAAM,IAAI,IAAI,EAAE;gBAClB,QAAQ,CAAC,IAAI,CAAC,KAAK,CAAC,CAAA;aACrB;QACH,CAAC,CAAC,CAAC;QACH,IAAI,CAAC,qBAAqB,CAAC,QAAQ,CAAC,CAAC;QACrC,OAAO,QAAQ,CAAC,CAAC,CAAC,CAAC,OAAO,EAAE,CAAC;IAC/B,CAAC;IAED;;;OAGG;IACH,eAAe;QACb,OAAO,CAAC,KAAK,CAAC,IAAI,CAAC,UAAU,EAAE,CAAC,OAAO,EAAE,UAAU,EAAE,OAAO,EAAE,MAAM,CAAC,CAAC,CAAC;QACvE,OAAO,IAAI,CAAC,UAAU,CAAC,CAAC,CAAC,CAAC,QAAQ,EAAE,CAAC;IACvC,CAAC;IAED;;;;OAIG;IACH,qBAAqB,CAAC,UAAe;QACnC,OAAO,CAAC,KAAK,CAAC,UAAU,EAAE,CAAC,OAAO,EAAE,UAAU,EAAE,OAAO,EAAE,MAAM,CAAC,CAAC,CAAA;QACjE,OAAO,UAAU,CAAC,CAAC,CAAC,CAAC,QAAQ,EAAE,CAAC;IAClC,CAAC;CACF;AA3FD,0CA2FC","sourcesContent":["import {BasicStreamableCollection} from \"./class_BasicStreamableCollection\";\nimport {Movie} from \"./class_movie\"\n\n/**\n * clase CollectionMovie que define los atributos y métodos para definir una colección de peliculas.\n * Implementa la clase abstacta BasicStreamableCollection\n * \n * Se define 1 parametros de tipo genérico, T que representa un vector de objetos de la clase Movie.\n * \n * Se tienen 6 métodos, filterTitle, filterDirector, filterActor, filterYear, printCollection, printCollectionFilter.\n */\nexport class CollectionMovie<T extends Movie> extends BasicStreamableCollection<T> {\n  constructor(public collection: T[]){\n    super(collection);\n  }\n \n  /**\n   * Función que filtra el vector de peliculas por el titulo\n   * @param filtro string con la clave para realizar el filtro\n   * @returns un string con el titulo de la primera pelicula de la colección\n   */\n  filterTitle(filtro: string): string {\n    let filtrado: T[] = [];\n    this.collection.forEach((movie) => {\n      let title: string = movie.getTitle();\n      if (title.search(filtro) != -1) {\n        filtrado.push(movie)\n      }\n    });\n    this.printCollectionFilter(filtrado);\n    return filtrado[0].getTitle();\n  }\n  \n  /**\n   * Función que filtra el vector de peliculas por el director\n   * @param filtro string con la clave para realizar el filtro\n   * @returns un string con el director de la primera pelicula de la colección\n   */\n  filterDirector(filtro: string): string {\n    let filtrado: T[] = [];\n    this.collection.forEach((movie) => {\n      let director: string = movie.getDirector();\n      if (director.search(filtro) != -1) {\n        filtrado.push(movie)\n      }\n    });\n    this.printCollectionFilter(filtrado);\n    return filtrado[0].getDirector();\n  }\n\n  /**\n   * Función que filtra el vector de peliculas por el actor\n   * @param filtro string con la clave para realizar el filtro\n   * @returns un string con el actor de la primera pelicula de la colección\n   */\n  filterActor(filtro: string): string {\n    let filtrado: T[] = [];\n    this.collection.forEach((movie) => {\n      let actor: string = movie.getActor();\n      if (actor.search(filtro) != -1) {\n        filtrado.push(movie)\n      }\n    });\n    this.printCollectionFilter(filtrado);\n    return filtrado[0].getActor();\n  }\n  \n  /**\n   * Función que filtra el vector de peliculas por el año\n   * @param filtro string con la clave para realizar el filtro\n   * @returns un string con el año de la primer pelicula de la colección\n   */\n  filterYear(filtro: number): number {\n    let filtrado: T[] = [];\n    this.collection.forEach((movie) => {\n      let year: number = movie.getYear();\n      if (filtro == year) {\n        filtrado.push(movie)\n      }\n    });\n    this.printCollectionFilter(filtrado);\n    return filtrado[0].getYear();\n  }\n \n  /**\n   * Función que imprime por pantalla en formato tabla la colección de peliculas\n   * @returns un string con el titulo de la primera pelicula de la colección\n   */\n  printCollection(): string {\n    console.table(this.collection, [\"title\", \"director\", \"actor\", \"year\"]);\n    return this.collection[0].getTitle();\n  }\n \n  /**\n   * Función que imprime por pantalla en formato tabla la colección filtrada de peliculas\n   * @param collection vector de objetos de la clase Movie\n   * @returns un string con el titulo de la primera pelicula de la colección filtrada\n   */\n  printCollectionFilter(collection: T[]): string {\n    console.table(collection, [\"title\", \"director\", \"actor\", \"year\"])\n    return collection[0].getTitle();\n  }\n}"]},"_coverageSchema":"1a1c01bbd47fc00a2c39e90264f33305004495a9","hash":"4c50e97a99f25fdc25f31e8c88e784e0b3ec921b","contentHash":"513b2c3e30716498f1752bd10eb9b79edea978cbf5d81acf302d677b52e36e20"},"/home/usuario/prct06-clases-e-interfaces-genericas/src/ejercicio-3/subclass_collectionSerie.ts":{"path":"/home/usuario/prct06-clases-e-interfaces-genericas/src/ejercicio-3/subclass_collectionSerie.ts","statementMap":{"0":{"start":{"line":2,"column":0},"end":{"line":2,"column":62}},"1":{"start":{"line":3,"column":0},"end":{"line":3,"column":33}},"2":{"start":{"line":4,"column":42},"end":{"line":4,"column":86}},"3":{"start":{"line":15,"column":8},"end":{"line":15,"column":26}},"4":{"start":{"line":16,"column":8},"end":{"line":16,"column":37}},"5":{"start":{"line":24,"column":23},"end":{"line":24,"column":25}},"6":{"start":{"line":25,"column":8},"end":{"line":30,"column":11}},"7":{"start":{"line":26,"column":24},"end":{"line":26,"column":40}},"8":{"start":{"line":27,"column":12},"end":{"line":29,"column":13}},"9":{"start":{"line":28,"column":16},"end":{"line":28,"column":37}},"10":{"start":{"line":31,"column":8},"end":{"line":31,"column":45}},"11":{"start":{"line":32,"column":8},"end":{"line":32,"column":38}},"12":{"start":{"line":40,"column":23},"end":{"line":40,"column":25}},"13":{"start":{"line":41,"column":8},"end":{"line":46,"column":11}},"14":{"start":{"line":42,"column":27},"end":{"line":42,"column":46}},"15":{"start":{"line":43,"column":12},"end":{"line":45,"column":13}},"16":{"start":{"line":44,"column":16},"end":{"line":44,"column":37}},"17":{"start":{"line":47,"column":8},"end":{"line":47,"column":45}},"18":{"start":{"line":48,"column":8},"end":{"line":48,"column":41}},"19":{"start":{"line":56,"column":23},"end":{"line":56,"column":25}},"20":{"start":{"line":57,"column":8},"end":{"line":62,"column":11}},"21":{"start":{"line":58,"column":24},"end":{"line":58,"column":40}},"22":{"start":{"line":59,"column":12},"end":{"line":61,"column":13}},"23":{"start":{"line":60,"column":16},"end":{"line":60,"column":37}},"24":{"start":{"line":63,"column":8},"end":{"line":63,"column":45}},"25":{"start":{"line":64,"column":8},"end":{"line":64,"column":38}},"26":{"start":{"line":72,"column":23},"end":{"line":72,"column":25}},"27":{"start":{"line":73,"column":8},"end":{"line":78,"column":11}},"28":{"start":{"line":74,"column":23},"end":{"line":74,"column":38}},"29":{"start":{"line":75,"column":12},"end":{"line":77,"column":13}},"30":{"start":{"line":76,"column":16},"end":{"line":76,"column":37}},"31":{"start":{"line":79,"column":8},"end":{"line":79,"column":45}},"32":{"start":{"line":80,"column":8},"end":{"line":80,"column":37}},"33":{"start":{"line":87,"column":8},"end":{"line":87,"column":79}},"34":{"start":{"line":88,"column":8},"end":{"line":88,"column":45}},"35":{"start":{"line":96,"column":8},"end":{"line":96,"column":74}},"36":{"start":{"line":97,"column":8},"end":{"line":97,"column":40}},"37":{"start":{"line":100,"column":0},"end":{"line":100,"column":42}}},"fnMap":{"0":{"name":"(anonymous_0)","decl":{"start":{"line":14,"column":4},"end":{"line":14,"column":5}},"loc":{"start":{"line":14,"column":28},"end":{"line":17,"column":5}},"line":14},"1":{"name":"(anonymous_1)","decl":{"start":{"line":23,"column":4},"end":{"line":23,"column":5}},"loc":{"start":{"line":23,"column":24},"end":{"line":33,"column":5}},"line":23},"2":{"name":"(anonymous_2)","decl":{"start":{"line":25,"column":32},"end":{"line":25,"column":33}},"loc":{"start":{"line":25,"column":43},"end":{"line":30,"column":9}},"line":25},"3":{"name":"(anonymous_3)","decl":{"start":{"line":39,"column":4},"end":{"line":39,"column":5}},"loc":{"start":{"line":39,"column":27},"end":{"line":49,"column":5}},"line":39},"4":{"name":"(anonymous_4)","decl":{"start":{"line":41,"column":32},"end":{"line":41,"column":33}},"loc":{"start":{"line":41,"column":43},"end":{"line":46,"column":9}},"line":41},"5":{"name":"(anonymous_5)","decl":{"start":{"line":55,"column":4},"end":{"line":55,"column":5}},"loc":{"start":{"line":55,"column":24},"end":{"line":65,"column":5}},"line":55},"6":{"name":"(anonymous_6)","decl":{"start":{"line":57,"column":32},"end":{"line":57,"column":33}},"loc":{"start":{"line":57,"column":43},"end":{"line":62,"column":9}},"line":57},"7":{"name":"(anonymous_7)","decl":{"start":{"line":71,"column":4},"end":{"line":71,"column":5}},"loc":{"start":{"line":71,"column":23},"end":{"line":81,"column":5}},"line":71},"8":{"name":"(anonymous_8)","decl":{"start":{"line":73,"column":32},"end":{"line":73,"column":33}},"loc":{"start":{"line":73,"column":43},"end":{"line":78,"column":9}},"line":73},"9":{"name":"(anonymous_9)","decl":{"start":{"line":86,"column":4},"end":{"line":86,"column":5}},"loc":{"start":{"line":86,"column":22},"end":{"line":89,"column":5}},"line":86},"10":{"name":"(anonymous_10)","decl":{"start":{"line":95,"column":4},"end":{"line":95,"column":5}},"loc":{"start":{"line":95,"column":38},"end":{"line":98,"column":5}},"line":95}},"branchMap":{"0":{"loc":{"start":{"line":27,"column":12},"end":{"line":29,"column":13}},"type":"if","locations":[{"start":{"line":27,"column":12},"end":{"line":29,"column":13}},{"start":{"line":27,"column":12},"end":{"line":29,"column":13}}],"line":27},"1":{"loc":{"start":{"line":43,"column":12},"end":{"line":45,"column":13}},"type":"if","locations":[{"start":{"line":43,"column":12},"end":{"line":45,"column":13}},{"start":{"line":43,"column":12},"end":{"line":45,"column":13}}],"line":43},"2":{"loc":{"start":{"line":59,"column":12},"end":{"line":61,"column":13}},"type":"if","locations":[{"start":{"line":59,"column":12},"end":{"line":61,"column":13}},{"start":{"line":59,"column":12},"end":{"line":61,"column":13}}],"line":59},"3":{"loc":{"start":{"line":75,"column":12},"end":{"line":77,"column":13}},"type":"if","locations":[{"start":{"line":75,"column":12},"end":{"line":77,"column":13}},{"start":{"line":75,"column":12},"end":{"line":77,"column":13}}],"line":75}},"s":{"0":1,"1":1,"2":1,"3":7,"4":7,"5":2,"6":2,"7":8,"8":8,"9":2,"10":2,"11":2,"12":2,"13":2,"14":8,"15":8,"16":2,"17":2,"18":2,"19":2,"20":2,"21":8,"22":8,"23":2,"24":2,"25":2,"26":2,"27":2,"28":8,"29":8,"30":2,"31":2,"32":2,"33":1,"34":1,"35":9,"36":9,"37":1},"f":{"0":7,"1":2,"2":8,"3":2,"4":8,"5":2,"6":8,"7":2,"8":8,"9":1,"10":9},"b":{"0":[2,6],"1":[2,6],"2":[2,6],"3":[2,6]},"inputSourceMap":{"version":3,"file":"/home/usuario/prct06-clases-e-interfaces-genericas/src/ejercicio-3/subclass_collectionSerie.ts","sources":["/home/usuario/prct06-clases-e-interfaces-genericas/src/ejercicio-3/subclass_collectionSerie.ts"],"names":[],"mappings":";;;AAAA,uFAA4E;AAG5E;;;;;;;GAOG;AACH,MAAa,eAAiC,SAAQ,2DAA4B;IAChF,YAAmB,UAAe;QAChC,KAAK,CAAC,UAAU,CAAC,CAAC;QADD,eAAU,GAAV,UAAU,CAAK;IAElC,CAAC;IAED;;;;OAIG;IACH,WAAW,CAAC,MAAc;QACxB,IAAI,QAAQ,GAAQ,EAAE,CAAC;QACvB,IAAI,CAAC,UAAU,CAAC,OAAO,CAAC,CAAC,KAAK,EAAE,EAAE;YAChC,IAAI,KAAK,GAAW,KAAK,CAAC,QAAQ,EAAE,CAAC;YACrC,IAAI,KAAK,CAAC,MAAM,CAAC,MAAM,CAAC,IAAI,CAAC,CAAC,EAAE;gBAC9B,QAAQ,CAAC,IAAI,CAAC,KAAK,CAAC,CAAA;aACrB;QACH,CAAC,CAAC,CAAC;QACH,IAAI,CAAC,qBAAqB,CAAC,QAAQ,CAAC,CAAC;QACrC,OAAO,QAAQ,CAAC,CAAC,CAAC,CAAC,QAAQ,EAAE,CAAC;IAChC,CAAC;IAED;;;;OAIG;IACH,cAAc,CAAC,MAAc;QAC3B,IAAI,QAAQ,GAAQ,EAAE,CAAC;QACvB,IAAI,CAAC,UAAU,CAAC,OAAO,CAAC,CAAC,KAAK,EAAE,EAAE;YAChC,IAAI,QAAQ,GAAW,KAAK,CAAC,WAAW,EAAE,CAAC;YAC3C,IAAI,QAAQ,CAAC,MAAM,CAAC,MAAM,CAAC,IAAI,CAAC,CAAC,EAAE;gBACjC,QAAQ,CAAC,IAAI,CAAC,KAAK,CAAC,CAAA;aACrB;QACH,CAAC,CAAC,CAAC;QACH,IAAI,CAAC,qBAAqB,CAAC,QAAQ,CAAC,CAAC;QACrC,OAAO,QAAQ,CAAC,CAAC,CAAC,CAAC,WAAW,EAAE,CAAC;IACnC,CAAC;IAED;;;;OAIG;IACH,WAAW,CAAC,MAAc;QACxB,IAAI,QAAQ,GAAQ,EAAE,CAAC;QACvB,IAAI,CAAC,UAAU,CAAC,OAAO,CAAC,CAAC,KAAK,EAAE,EAAE;YAChC,IAAI,KAAK,GAAW,KAAK,CAAC,QAAQ,EAAE,CAAC;YACrC,IAAI,KAAK,CAAC,MAAM,CAAC,MAAM,CAAC,IAAI,CAAC,CAAC,EAAE;gBAC9B,QAAQ,CAAC,IAAI,CAAC,KAAK,CAAC,CAAA;aACrB;QACH,CAAC,CAAC,CAAC;QACH,IAAI,CAAC,qBAAqB,CAAC,QAAQ,CAAC,CAAC;QACrC,OAAO,QAAQ,CAAC,CAAC,CAAC,CAAC,QAAQ,EAAE,CAAC;IAChC,CAAC;IAED;;;;OAIG;IACH,UAAU,CAAC,MAAc;QACvB,IAAI,QAAQ,GAAQ,EAAE,CAAC;QACvB,IAAI,CAAC,UAAU,CAAC,OAAO,CAAC,CAAC,KAAK,EAAE,EAAE;YAChC,IAAI,IAAI,GAAW,KAAK,CAAC,OAAO,EAAE,CAAC;YACnC,IAAI,MAAM,IAAI,IAAI,EAAE;gBAClB,QAAQ,CAAC,IAAI,CAAC,KAAK,CAAC,CAAA;aACrB;QACH,CAAC,CAAC,CAAC;QACH,IAAI,CAAC,qBAAqB,CAAC,QAAQ,CAAC,CAAC;QACrC,OAAO,QAAQ,CAAC,CAAC,CAAC,CAAC,OAAO,EAAE,CAAC;IAC/B,CAAC;IAED;;;OAGG;IACH,eAAe;QACb,OAAO,CAAC,KAAK,CAAC,IAAI,CAAC,UAAU,EAAE,CAAC,OAAO,EAAE,UAAU,EAAE,OAAO,EAAE,MAAM,CAAC,CAAC,CAAC;QACvE,OAAO,IAAI,CAAC,UAAU,CAAC,CAAC,CAAC,CAAC,QAAQ,EAAE,CAAC;IACvC,CAAC;IAED;;;;OAIG;IACH,qBAAqB,CAAC,UAAe;QACnC,OAAO,CAAC,KAAK,CAAC,UAAU,EAAE,CAAC,OAAO,EAAE,UAAU,EAAE,OAAO,EAAE,MAAM,CAAC,CAAC,CAAA;QACjE,OAAO,UAAU,CAAC,CAAC,CAAC,CAAC,QAAQ,EAAE,CAAC;IAClC,CAAC;CACF;AA3FD,0CA2FC","sourcesContent":["import {BasicStreamableCollection} from \"./class_BasicStreamableCollection\";\nimport {Serie} from \"./class_serie\"\n\n/**\n * clase CollectionSerie que define los atributos y métodos para definir una colección de series.\n * Implementa la clase abstacta BasicStreamableCollection\n * \n * Se define 1 parametros de tipo genérico, T que representa un vector de objetos de la clase Serie.\n * \n * Se tienen 6 métodos, filterTitle, filterDirector, filterActor, filterYear, printCollection, printCollectionFilter.\n */\nexport class CollectionSerie<T extends Serie> extends BasicStreamableCollection<T> {\n  constructor(public collection: T[]){\n    super(collection);\n  }\n\n  /**\n   * Función que filtra el vector de series por el titulo\n   * @param filtro string con la clave para realizar el filtro\n   * @returns un string con el titulo de la primera serie de la colección\n   */\n  filterTitle(filtro: string): string {\n    let filtrado: T[] = [];\n    this.collection.forEach((serie) => {\n      let title: string = serie.getTitle();\n      if (title.search(filtro) != -1) {\n        filtrado.push(serie)\n      }\n    });\n    this.printCollectionFilter(filtrado);\n    return filtrado[0].getTitle();\n  }\n\n  /**\n   * Función que filtra el vector de series por el director\n   * @param filtro string con la clave para realizar el filtro\n   * @returns un string con el director de la primera serie de la colección\n   */\n  filterDirector(filtro: string): string {\n    let filtrado: T[] = [];\n    this.collection.forEach((serie) => {\n      let director: string = serie.getDirector();\n      if (director.search(filtro) != -1) {\n        filtrado.push(serie)\n      }\n    });\n    this.printCollectionFilter(filtrado);\n    return filtrado[0].getDirector();\n  }\n  \n  /**\n   * Función que filtra el vector de series por el actor\n   * @param filtro string con la clave para realizar el filtro\n   * @returns un string con el actor de la primera serie de la colección\n   */\n  filterActor(filtro: string): string {\n    let filtrado: T[] = [];\n    this.collection.forEach((serie) => {\n      let actor: string = serie.getActor();\n      if (actor.search(filtro) != -1) {\n        filtrado.push(serie)\n      }\n    });\n    this.printCollectionFilter(filtrado);\n    return filtrado[0].getActor();\n  }\n  \n  /**\n   * Función que filtra el vector de series por el año\n   * @param filtro string con la clave para realizar el filtro\n   * @returns un string con el año de la primer serie de la colección\n   */\n  filterYear(filtro: number): number {\n    let filtrado: T[] = [];\n    this.collection.forEach((serie) => {\n      let year: number = serie.getYear();\n      if (filtro == year) {\n        filtrado.push(serie)\n      }\n    });\n    this.printCollectionFilter(filtrado);\n    return filtrado[0].getYear();\n  }\n\n  /**\n   * Función que imprime por pantalla en formato tabla la colección de series\n   * @returns un string con el titulo de la primera serie de la colección\n   */\n  printCollection(): string {\n    console.table(this.collection, [\"title\", \"director\", \"actor\", \"year\"]);\n    return this.collection[0].getTitle();\n  }\n \n  /**\n   * Función que imprime por pantalla en formato tabla la colección filtrada de series\n   * @param collection vector de objetos de la clase Serie\n   * @returns un string con el titulo de la primera serie de la colección filtrada\n   */\n  printCollectionFilter(collection: T[]): string {\n    console.table(collection, [\"title\", \"director\", \"actor\", \"year\"])\n    return collection[0].getTitle();\n  }\n}"]},"_coverageSchema":"1a1c01bbd47fc00a2c39e90264f33305004495a9","hash":"c2ea267acef777a9dd2fb8d1bd743e5770e2bf4f","contentHash":"d233d6f19fcaee1190e86855805152bf272b2e41438021ae0e032a39ef8674eb"}}